# JRE version: OpenJDK Runtime Environment Temurin-17.0.4.1+1 (17.0.4.1+1) (build 17.0.4.1+1)
# Java VM: OpenJDK 64-Bit Server VM Temurin-17.0.4.1+1 (17.0.4.1+1, mixed mode, tiered, compressed oops, compressed class ptrs, parallel gc, windows-amd64)
GC Precious Log:
 CPUs: 12 total, 12 available
 Memory: 16163M
 Large Page Support: Disabled
 NUMA Support: Disabled
 Compressed Oops: Enabled (32-bit)
 Alignments: Space 512K, Generation 512K, Heap 2M
 Heap Min Capacity: 100M
 Heap Initial Capacity: 100M
 Heap Max Capacity: 1G
 Pre-touch: Disabled
 Parallel Workers: 10
Heap:
 PSYoungGen      total 19968K, used 6694K [0x00000000eab00000, 0x00000000ec080000, 0x0000000100000000)
  eden space 19456K, 32% used [0x00000000eab00000,0x00000000eb121ad0,0x00000000ebe00000)
  from space 512K, 81% used [0x00000000ebf80000,0x00000000ebfe8000,0x00000000ec000000)
  to   space 512K, 0% used [0x00000000ec000000,0x00000000ec000000,0x00000000ec080000)
 ParOldGen       total 68608K, used 33466K [0x00000000c0000000, 0x00000000c4300000, 0x00000000eab00000)
  object space 68608K, 48% used [0x00000000c0000000,0x00000000c20aea98,0x00000000c4300000)
 Metaspace       used 47924K, committed 48576K, reserved 1097728K
  class space    used 4863K, committed 5184K, reserved 1048576K
GC Heap History (20 events):
Event: 6.617 GC heap before
{Heap before GC invocations=20 (full 2):
 PSYoungGen      total 23040K, used 22973K [0x00000000eab00000, 0x00000000ec400000, 0x0000000100000000)
  eden space 22016K, 100% used [0x00000000eab00000,0x00000000ec080000,0x00000000ec080000)
  from space 1024K, 93% used [0x00000000ec200000,0x00000000ec2ef658,0x00000000ec300000)
  to   space 1024K, 0% used [0x00000000ec300000,0x00000000ec300000,0x00000000ec400000)
 ParOldGen       total 68608K, used 25289K [0x00000000c0000000, 0x00000000c4300000, 0x00000000eab00000)
  object space 68608K, 36% used [0x00000000c0000000,0x00000000c18b25b8,0x00000000c4300000)
 Metaspace       used 42972K, committed 43712K, reserved 1089536K
  class space    used 4373K, committed 4736K, reserved 1048576K
}
Event: 6.619 GC heap after
{Heap after GC invocations=20 (full 2):
 PSYoungGen      total 23040K, used 960K [0x00000000eab00000, 0x00000000ec400000, 0x0000000100000000)
  eden space 22016K, 0% used [0x00000000eab00000,0x00000000eab00000,0x00000000ec080000)
  from space 1024K, 93% used [0x00000000ec300000,0x00000000ec3f0000,0x00000000ec400000)
  to   space 1024K, 0% used [0x00000000ec200000,0x00000000ec200000,0x00000000ec300000)
 ParOldGen       total 68608K, used 25321K [0x00000000c0000000, 0x00000000c4300000, 0x00000000eab00000)
  object space 68608K, 36% used [0x00000000c0000000,0x00000000c18ba5b8,0x00000000c4300000)
 Metaspace       used 42972K, committed 43712K, reserved 1089536K
  class space    used 4373K, committed 4736K, reserved 1048576K
}
Event: 6.722 GC heap before
{Heap before GC invocations=21 (full 2):
 PSYoungGen      total 23040K, used 22976K [0x00000000eab00000, 0x00000000ec400000, 0x0000000100000000)
  eden space 22016K, 100% used [0x00000000eab00000,0x00000000ec080000,0x00000000ec080000)
  from space 1024K, 93% used [0x00000000ec300000,0x00000000ec3f0000,0x00000000ec400000)
  to   space 1024K, 0% used [0x00000000ec200000,0x00000000ec200000,0x00000000ec300000)
 ParOldGen       total 68608K, used 25323K [0x00000000c0000000, 0x00000000c4300000, 0x00000000eab00000)
  object space 68608K, 36% used [0x00000000c0000000,0x00000000c18bad80,0x00000000c4300000)
 Metaspace       used 43377K, committed 44096K, reserved 1089536K
  class space    used 4396K, committed 4736K, reserved 1048576K
}
Event: 6.723 GC heap after
{Heap after GC invocations=21 (full 2):
 PSYoungGen      total 23040K, used 640K [0x00000000eab00000, 0x00000000ec380000, 0x0000000100000000)
  eden space 22016K, 0% used [0x00000000eab00000,0x00000000eab00000,0x00000000ec080000)
  from space 1024K, 62% used [0x00000000ec200000,0x00000000ec2a0000,0x00000000ec300000)
  to   space 512K, 0% used [0x00000000ec300000,0x00000000ec300000,0x00000000ec380000)
 ParOldGen       total 68608K, used 26128K [0x00000000c0000000, 0x00000000c4300000, 0x00000000eab00000)
  object space 68608K, 38% used [0x00000000c0000000,0x00000000c1984370,0x00000000c4300000)
 Metaspace       used 43377K, committed 44096K, reserved 1089536K
  class space    used 4396K, committed 4736K, reserved 1048576K
}
Event: 6.830 GC heap before
{Heap before GC invocations=22 (full 2):
 PSYoungGen      total 23040K, used 22656K [0x00000000eab00000, 0x00000000ec380000, 0x0000000100000000)
  eden space 22016K, 100% used [0x00000000eab00000,0x00000000ec080000,0x00000000ec080000)
  from space 1024K, 62% used [0x00000000ec200000,0x00000000ec2a0000,0x00000000ec300000)
  to   space 512K, 0% used [0x00000000ec300000,0x00000000ec300000,0x00000000ec380000)
 ParOldGen       total 68608K, used 26128K [0x00000000c0000000, 0x00000000c4300000, 0x00000000eab00000)
  object space 68608K, 38% used [0x00000000c0000000,0x00000000c1984370,0x00000000c4300000)
 Metaspace       used 44021K, committed 44736K, reserved 1089536K
  class space    used 4467K, committed 4800K, reserved 1048576K
}
Event: 6.832 GC heap after
{Heap after GC invocations=22 (full 2):
 PSYoungGen      total 22528K, used 512K [0x00000000eab00000, 0x00000000ec480000, 0x0000000100000000)
  eden space 22016K, 0% used [0x00000000eab00000,0x00000000eab00000,0x00000000ec080000)
  from space 512K, 100% used [0x00000000ec300000,0x00000000ec380000,0x00000000ec380000)
  to   space 2048K, 0% used [0x00000000ec080000,0x00000000ec080000,0x00000000ec280000)
 ParOldGen       total 68608K, used 27251K [0x00000000c0000000, 0x00000000c4300000, 0x00000000eab00000)
  object space 68608K, 39% used [0x00000000c0000000,0x00000000c1a9ce10,0x00000000c4300000)
 Metaspace       used 44021K, committed 44736K, reserved 1089536K
  class space    used 4467K, committed 4800K, reserved 1048576K
}
Event: 6.879 GC heap before
{Heap before GC invocations=23 (full 2):
 PSYoungGen      total 22528K, used 22528K [0x00000000eab00000, 0x00000000ec480000, 0x0000000100000000)
  eden space 22016K, 100% used [0x00000000eab00000,0x00000000ec080000,0x00000000ec080000)
  from space 512K, 100% used [0x00000000ec300000,0x00000000ec380000,0x00000000ec380000)
  to   space 2048K, 0% used [0x00000000ec080000,0x00000000ec080000,0x00000000ec280000)
 ParOldGen       total 68608K, used 27251K [0x00000000c0000000, 0x00000000c4300000, 0x00000000eab00000)
  object space 68608K, 39% used [0x00000000c0000000,0x00000000c1a9ce10,0x00000000c4300000)
 Metaspace       used 44217K, committed 44928K, reserved 1089536K
  class space    used 4494K, committed 4864K, reserved 1048576K
}
Event: 6.880 GC heap after
{Heap after GC invocations=23 (full 2):
 PSYoungGen      total 23552K, used 1056K [0x00000000eab00000, 0x00000000ec380000, 0x0000000100000000)
  eden space 22016K, 0% used [0x00000000eab00000,0x00000000eab00000,0x00000000ec080000)
  from space 1536K, 68% used [0x00000000ec080000,0x00000000ec188000,0x00000000ec200000)
  to   space 1536K, 0% used [0x00000000ec200000,0x00000000ec200000,0x00000000ec380000)
 ParOldGen       total 68608K, used 27565K [0x00000000c0000000, 0x00000000c4300000, 0x00000000eab00000)
  object space 68608K, 40% used [0x00000000c0000000,0x00000000c1aeb490,0x00000000c4300000)
 Metaspace       used 44217K, committed 44928K, reserved 1089536K
  class space    used 4494K, committed 4864K, reserved 1048576K
}
Event: 7.220 GC heap before
{Heap before GC invocations=24 (full 2):
 PSYoungGen      total 23552K, used 23072K [0x00000000eab00000, 0x00000000ec380000, 0x0000000100000000)
  eden space 22016K, 100% used [0x00000000eab00000,0x00000000ec080000,0x00000000ec080000)
  from space 1536K, 68% used [0x00000000ec080000,0x00000000ec188000,0x00000000ec200000)
  to   space 1536K, 0% used [0x00000000ec200000,0x00000000ec200000,0x00000000ec380000)
 ParOldGen       total 68608K, used 27565K [0x00000000c0000000, 0x00000000c4300000, 0x00000000eab00000)
  object space 68608K, 40% used [0x00000000c0000000,0x00000000c1aeb490,0x00000000c4300000)
 Metaspace       used 46540K, committed 47232K, reserved 1097728K
  class space    used 4756K, committed 5056K, reserved 1048576K
}
Event: 7.222 GC heap after
{Heap after GC invocations=24 (full 2):
 PSYoungGen      total 20992K, used 1535K [0x00000000eab00000, 0x00000000ec880000, 0x0000000100000000)
  eden space 19456K, 0% used [0x00000000eab00000,0x00000000eab00000,0x00000000ebe00000)
  from space 1536K, 99% used [0x00000000ec200000,0x00000000ec37fed0,0x00000000ec380000)
  to   space 4096K, 0% used [0x00000000ebe00000,0x00000000ebe00000,0x00000000ec200000)
 ParOldGen       total 68608K, used 29280K [0x00000000c0000000, 0x00000000c4300000, 0x00000000eab00000)
  object space 68608K, 42% used [0x00000000c0000000,0x00000000c1c98390,0x00000000c4300000)
 Metaspace       used 46540K, committed 47232K, reserved 1097728K
  class space    used 4756K, committed 5056K, reserved 1048576K
}
Event: 7.352 GC heap before
{Heap before GC invocations=25 (full 2):
 PSYoungGen      total 20992K, used 19424K [0x00000000eab00000, 0x00000000ec880000, 0x0000000100000000)
  eden space 19456K, 91% used [0x00000000eab00000,0x00000000ebc78488,0x00000000ebe00000)
  from space 1536K, 99% used [0x00000000ec200000,0x00000000ec37fed0,0x00000000ec380000)
  to   space 4096K, 0% used [0x00000000ebe00000,0x00000000ebe00000,0x00000000ec200000)
 ParOldGen       total 68608K, used 29280K [0x00000000c0000000, 0x00000000c4300000, 0x00000000eab00000)
  object space 68608K, 42% used [0x00000000c0000000,0x00000000c1c98390,0x00000000c4300000)
 Metaspace       used 47388K, committed 48064K, reserved 1097728K
  class space    used 4850K, committed 5184K, reserved 1048576K
}
Event: 7.355 GC heap after
{Heap after GC invocations=25 (full 2):
 PSYoungGen      total 21504K, used 1630K [0x00000000eab00000, 0x00000000ec300000, 0x0000000100000000)
  eden space 19456K, 0% used [0x00000000eab00000,0x00000000eab00000,0x00000000ebe00000)
  from space 2048K, 79% used [0x00000000ebe00000,0x00000000ebf97930,0x00000000ec000000)
  to   space 2560K, 0% used [0x00000000ec080000,0x00000000ec080000,0x00000000ec300000)
 ParOldGen       total 68608K, used 30817K [0x00000000c0000000, 0x00000000c4300000, 0x00000000eab00000)
  object space 68608K, 44% used [0x00000000c0000000,0x00000000c1e184c8,0x00000000c4300000)
 Metaspace       used 47388K, committed 48064K, reserved 1097728K
  class space    used 4850K, committed 5184K, reserved 1048576K
}
Event: 7.509 GC heap before
{Heap before GC invocations=26 (full 2):
 PSYoungGen      total 21504K, used 19855K [0x00000000eab00000, 0x00000000ec300000, 0x0000000100000000)
  eden space 19456K, 93% used [0x00000000eab00000,0x00000000ebccc4f0,0x00000000ebe00000)
  from space 2048K, 79% used [0x00000000ebe00000,0x00000000ebf97930,0x00000000ec000000)
  to   space 2560K, 0% used [0x00000000ec080000,0x00000000ec080000,0x00000000ec300000)
 ParOldGen       total 68608K, used 30817K [0x00000000c0000000, 0x00000000c4300000, 0x00000000eab00000)
  object space 68608K, 44% used [0x00000000c0000000,0x00000000c1e184c8,0x00000000c4300000)
 Metaspace       used 47651K, committed 48320K, reserved 1097728K
  class space    used 4860K, committed 5184K, reserved 1048576K
}
Event: 7.510 GC heap after
{Heap after GC invocations=26 (full 2):
 PSYoungGen      total 20480K, used 1005K [0x00000000eab00000, 0x00000000ec180000, 0x0000000100000000)
  eden space 19456K, 0% used [0x00000000eab00000,0x00000000eab00000,0x00000000ebe00000)
  from space 1024K, 98% used [0x00000000ec080000,0x00000000ec17b7d8,0x00000000ec180000)
  to   space 1536K, 0% used [0x00000000ebe80000,0x00000000ebe80000,0x00000000ec000000)
 ParOldGen       total 68608K, used 32277K [0x00000000c0000000, 0x00000000c4300000, 0x00000000eab00000)
  object space 68608K, 47% used [0x00000000c0000000,0x00000000c1f857b0,0x00000000c4300000)
 Metaspace       used 47651K, committed 48320K, reserved 1097728K
  class space    used 4860K, committed 5184K, reserved 1048576K
}
Event: 7.578 GC heap before
{Heap before GC invocations=27 (full 2):
 PSYoungGen      total 20480K, used 20344K [0x00000000eab00000, 0x00000000ec180000, 0x0000000100000000)
  eden space 19456K, 99% used [0x00000000eab00000,0x00000000ebde2870,0x00000000ebe00000)
  from space 1024K, 98% used [0x00000000ec080000,0x00000000ec17b7d8,0x00000000ec180000)
  to   space 1536K, 0% used [0x00000000ebe80000,0x00000000ebe80000,0x00000000ec000000)
 ParOldGen       total 68608K, used 32277K [0x00000000c0000000, 0x00000000c4300000, 0x00000000eab00000)
  object space 68608K, 47% used [0x00000000c0000000,0x00000000c1f857b0,0x00000000c4300000)
 Metaspace       used 47726K, committed 48384K, reserved 1097728K
  class space    used 4860K, committed 5184K, reserved 1048576K
}
Event: 7.578 GC heap after
{Heap after GC invocations=27 (full 2):
 PSYoungGen      total 20992K, used 352K [0x00000000eab00000, 0x00000000ec100000, 0x0000000100000000)
  eden space 19456K, 0% used [0x00000000eab00000,0x00000000eab00000,0x00000000ebe00000)
  from space 1536K, 22% used [0x00000000ebe80000,0x00000000ebed8000,0x00000000ec000000)
  to   space 1024K, 0% used [0x00000000ec000000,0x00000000ec000000,0x00000000ec100000)
 ParOldGen       total 68608K, used 33212K [0x00000000c0000000, 0x00000000c4300000, 0x00000000eab00000)
  object space 68608K, 48% used [0x00000000c0000000,0x00000000c206f058,0x00000000c4300000)
 Metaspace       used 47726K, committed 48384K, reserved 1097728K
  class space    used 4860K, committed 5184K, reserved 1048576K
}
Event: 7.649 GC heap before
{Heap before GC invocations=28 (full 2):
 PSYoungGen      total 20992K, used 19808K [0x00000000eab00000, 0x00000000ec100000, 0x0000000100000000)
  eden space 19456K, 100% used [0x00000000eab00000,0x00000000ebe00000,0x00000000ebe00000)
  from space 1536K, 22% used [0x00000000ebe80000,0x00000000ebed8000,0x00000000ec000000)
  to   space 1024K, 0% used [0x00000000ec000000,0x00000000ec000000,0x00000000ec100000)
 ParOldGen       total 68608K, used 33212K [0x00000000c0000000, 0x00000000c4300000, 0x00000000eab00000)
  object space 68608K, 48% used [0x00000000c0000000,0x00000000c206f058,0x00000000c4300000)
 Metaspace       used 47815K, committed 48512K, reserved 1097728K
  class space    used 4862K, committed 5184K, reserved 1048576K
}
Event: 7.650 GC heap after
{Heap after GC invocations=28 (full 2):
 PSYoungGen      total 19968K, used 338K [0x00000000eab00000, 0x00000000ec080000, 0x0000000100000000)
  eden space 19456K, 0% used [0x00000000eab00000,0x00000000eab00000,0x00000000ebe00000)
  from space 512K, 66% used [0x00000000ec000000,0x00000000ec054938,0x00000000ec080000)
  to   space 512K, 0% used [0x00000000ebf80000,0x00000000ebf80000,0x00000000ec000000)
 ParOldGen       total 68608K, used 33336K [0x00000000c0000000, 0x00000000c4300000, 0x00000000eab00000)
  object space 68608K, 48% used [0x00000000c0000000,0x00000000c208e160,0x00000000c4300000)
 Metaspace       used 47815K, committed 48512K, reserved 1097728K
  class space    used 4862K, committed 5184K, reserved 1048576K
}
Event: 7.725 GC heap before
{Heap before GC invocations=29 (full 2):
 PSYoungGen      total 19968K, used 19407K [0x00000000eab00000, 0x00000000ec080000, 0x0000000100000000)
  eden space 19456K, 98% used [0x00000000eab00000,0x00000000ebd9f3d0,0x00000000ebe00000)
  from space 512K, 66% used [0x00000000ec000000,0x00000000ec054938,0x00000000ec080000)
  to   space 512K, 0% used [0x00000000ebf80000,0x00000000ebf80000,0x00000000ec000000)
 ParOldGen       total 68608K, used 33336K [0x00000000c0000000, 0x00000000c4300000, 0x00000000eab00000)
  object space 68608K, 48% used [0x00000000c0000000,0x00000000c208e160,0x00000000c4300000)
 Metaspace       used 47883K, committed 48576K, reserved 1097728K
  class space    used 4863K, committed 5184K, reserved 1048576K
}
Event: 7.726 GC heap after
{Heap after GC invocations=29 (full 2):
 PSYoungGen      total 19968K, used 416K [0x00000000eab00000, 0x00000000ec080000, 0x0000000100000000)
  eden space 19456K, 0% used [0x00000000eab00000,0x00000000eab00000,0x00000000ebe00000)
  from space 512K, 81% used [0x00000000ebf80000,0x00000000ebfe8000,0x00000000ec000000)
  to   space 512K, 0% used [0x00000000ec000000,0x00000000ec000000,0x00000000ec080000)
 ParOldGen       total 68608K, used 33466K [0x00000000c0000000, 0x00000000c4300000, 0x00000000eab00000)
  object space 68608K, 48% used [0x00000000c0000000,0x00000000c20aea98,0x00000000c4300000)
 Metaspace       used 47883K, committed 48576K, reserved 1097728K
  class space    used 4863K, committed 5184K, reserved 1048576K
}

