# JRE version: OpenJDK Runtime Environment Temurin-17.0.4.1+1 (17.0.4.1+1) (build 17.0.4.1+1)
# Java VM: OpenJDK 64-Bit Server VM Temurin-17.0.4.1+1 (17.0.4.1+1, mixed mode, tiered, compressed oops, compressed class ptrs, parallel gc, windows-amd64)
GC Precious Log:
 CPUs: 12 total, 12 available
 Memory: 16163M
 Large Page Support: Disabled
 NUMA Support: Disabled
 Compressed Oops: Enabled (32-bit)
 Alignments: Space 512K, Generation 512K, Heap 2M
 Heap Min Capacity: 100M
 Heap Initial Capacity: 100M
 Heap Max Capacity: 1G
 Pre-touch: Disabled
 Parallel Workers: 10
Heap:
 PSYoungGen      total 23040K, used 11088K [0x00000000eab00000, 0x00000000ec680000, 0x0000000100000000)
  eden space 22016K, 46% used [0x00000000eab00000,0x00000000eb5143e8,0x00000000ec080000)
  from space 1024K, 75% used [0x00000000ec580000,0x00000000ec640000,0x00000000ec680000)
  to   space 1024K, 0% used [0x00000000ec480000,0x00000000ec480000,0x00000000ec580000)
 ParOldGen       total 68608K, used 40955K [0x00000000c0000000, 0x00000000c4300000, 0x00000000eab00000)
  object space 68608K, 59% used [0x00000000c0000000,0x00000000c27fec70,0x00000000c4300000)
 Metaspace       used 50452K, committed 51136K, reserved 1097728K
  class space    used 4999K, committed 5312K, reserved 1048576K
GC Heap History (20 events):
Event: 14.953 GC heap before
{Heap before GC invocations=29 (full 2):
 PSYoungGen      total 22528K, used 22182K [0x00000000eab00000, 0x00000000ec780000, 0x0000000100000000)
  eden space 22016K, 98% used [0x00000000eab00000,0x00000000ec03d018,0x00000000ec080000)
  from space 512K, 84% used [0x00000000ec700000,0x00000000ec76c840,0x00000000ec780000)
  to   space 1024K, 0% used [0x00000000ec580000,0x00000000ec580000,0x00000000ec680000)
 ParOldGen       total 68608K, used 36692K [0x00000000c0000000, 0x00000000c4300000, 0x00000000eab00000)
  object space 68608K, 53% used [0x00000000c0000000,0x00000000c23d51e0,0x00000000c4300000)
 Metaspace       used 48950K, committed 49728K, reserved 1097728K
  class space    used 4955K, committed 5312K, reserved 1048576K
}
Event: 14.954 GC heap after
{Heap after GC invocations=29 (full 2):
 PSYoungGen      total 23040K, used 384K [0x00000000eab00000, 0x00000000ec780000, 0x0000000100000000)
  eden space 22016K, 0% used [0x00000000eab00000,0x00000000eab00000,0x00000000ec080000)
  from space 1024K, 37% used [0x00000000ec580000,0x00000000ec5e0000,0x00000000ec680000)
  to   space 512K, 0% used [0x00000000ec700000,0x00000000ec700000,0x00000000ec780000)
 ParOldGen       total 68608K, used 36732K [0x00000000c0000000, 0x00000000c4300000, 0x00000000eab00000)
  object space 68608K, 53% used [0x00000000c0000000,0x00000000c23df1e0,0x00000000c4300000)
 Metaspace       used 48950K, committed 49728K, reserved 1097728K
  class space    used 4955K, committed 5312K, reserved 1048576K
}
Event: 16.449 GC heap before
{Heap before GC invocations=30 (full 2):
 PSYoungGen      total 23040K, used 21805K [0x00000000eab00000, 0x00000000ec780000, 0x0000000100000000)
  eden space 22016K, 97% used [0x00000000eab00000,0x00000000ebfeb500,0x00000000ec080000)
  from space 1024K, 37% used [0x00000000ec580000,0x00000000ec5e0000,0x00000000ec680000)
  to   space 512K, 0% used [0x00000000ec700000,0x00000000ec700000,0x00000000ec780000)
 ParOldGen       total 68608K, used 36732K [0x00000000c0000000, 0x00000000c4300000, 0x00000000eab00000)
  object space 68608K, 53% used [0x00000000c0000000,0x00000000c23df1e0,0x00000000c4300000)
 Metaspace       used 49132K, committed 49856K, reserved 1097728K
  class space    used 4958K, committed 5312K, reserved 1048576K
}
Event: 16.450 GC heap after
{Heap after GC invocations=30 (full 2):
 PSYoungGen      total 22528K, used 505K [0x00000000eab00000, 0x00000000ec780000, 0x0000000100000000)
  eden space 22016K, 0% used [0x00000000eab00000,0x00000000eab00000,0x00000000ec080000)
  from space 512K, 98% used [0x00000000ec700000,0x00000000ec77e6e0,0x00000000ec780000)
  to   space 1024K, 0% used [0x00000000ec580000,0x00000000ec580000,0x00000000ec680000)
 ParOldGen       total 68608K, used 36827K [0x00000000c0000000, 0x00000000c4300000, 0x00000000eab00000)
  object space 68608K, 53% used [0x00000000c0000000,0x00000000c23f6c48,0x00000000c4300000)
 Metaspace       used 49132K, committed 49856K, reserved 1097728K
  class space    used 4958K, committed 5312K, reserved 1048576K
}
Event: 16.501 GC heap before
{Heap before GC invocations=31 (full 2):
 PSYoungGen      total 22528K, used 21422K [0x00000000eab00000, 0x00000000ec780000, 0x0000000100000000)
  eden space 22016K, 95% used [0x00000000eab00000,0x00000000ebf6d198,0x00000000ec080000)
  from space 512K, 98% used [0x00000000ec700000,0x00000000ec77e6e0,0x00000000ec780000)
  to   space 1024K, 0% used [0x00000000ec580000,0x00000000ec580000,0x00000000ec680000)
 ParOldGen       total 68608K, used 36827K [0x00000000c0000000, 0x00000000c4300000, 0x00000000eab00000)
  object space 68608K, 53% used [0x00000000c0000000,0x00000000c23f6c48,0x00000000c4300000)
 Metaspace       used 49141K, committed 49856K, reserved 1097728K
  class space    used 4958K, committed 5312K, reserved 1048576K
}
Event: 16.502 GC heap after
{Heap after GC invocations=31 (full 2):
 PSYoungGen      total 23040K, used 320K [0x00000000eab00000, 0x00000000ec780000, 0x0000000100000000)
  eden space 22016K, 0% used [0x00000000eab00000,0x00000000eab00000,0x00000000ec080000)
  from space 1024K, 31% used [0x00000000ec580000,0x00000000ec5d0000,0x00000000ec680000)
  to   space 512K, 0% used [0x00000000ec700000,0x00000000ec700000,0x00000000ec780000)
 ParOldGen       total 68608K, used 37222K [0x00000000c0000000, 0x00000000c4300000, 0x00000000eab00000)
  object space 68608K, 54% used [0x00000000c0000000,0x00000000c2459858,0x00000000c4300000)
 Metaspace       used 49141K, committed 49856K, reserved 1097728K
  class space    used 4958K, committed 5312K, reserved 1048576K
}
Event: 16.570 GC heap before
{Heap before GC invocations=32 (full 2):
 PSYoungGen      total 23040K, used 22281K [0x00000000eab00000, 0x00000000ec780000, 0x0000000100000000)
  eden space 22016K, 99% used [0x00000000eab00000,0x00000000ec072678,0x00000000ec080000)
  from space 1024K, 31% used [0x00000000ec580000,0x00000000ec5d0000,0x00000000ec680000)
  to   space 512K, 0% used [0x00000000ec700000,0x00000000ec700000,0x00000000ec780000)
 ParOldGen       total 68608K, used 37222K [0x00000000c0000000, 0x00000000c4300000, 0x00000000eab00000)
  object space 68608K, 54% used [0x00000000c0000000,0x00000000c2459858,0x00000000c4300000)
 Metaspace       used 49154K, committed 49920K, reserved 1097728K
  class space    used 4958K, committed 5312K, reserved 1048576K
}
Event: 16.571 GC heap after
{Heap after GC invocations=32 (full 2):
 PSYoungGen      total 22528K, used 512K [0x00000000eab00000, 0x00000000ec780000, 0x0000000100000000)
  eden space 22016K, 0% used [0x00000000eab00000,0x00000000eab00000,0x00000000ec080000)
  from space 512K, 100% used [0x00000000ec700000,0x00000000ec780000,0x00000000ec780000)
  to   space 1024K, 0% used [0x00000000ec580000,0x00000000ec580000,0x00000000ec680000)
 ParOldGen       total 68608K, used 37334K [0x00000000c0000000, 0x00000000c4300000, 0x00000000eab00000)
  object space 68608K, 54% used [0x00000000c0000000,0x00000000c2475858,0x00000000c4300000)
 Metaspace       used 49154K, committed 49920K, reserved 1097728K
  class space    used 4958K, committed 5312K, reserved 1048576K
}
Event: 16.645 GC heap before
{Heap before GC invocations=33 (full 2):
 PSYoungGen      total 22528K, used 20869K [0x00000000eab00000, 0x00000000ec780000, 0x0000000100000000)
  eden space 22016K, 92% used [0x00000000eab00000,0x00000000ebee1578,0x00000000ec080000)
  from space 512K, 100% used [0x00000000ec700000,0x00000000ec780000,0x00000000ec780000)
  to   space 1024K, 0% used [0x00000000ec580000,0x00000000ec580000,0x00000000ec680000)
 ParOldGen       total 68608K, used 37334K [0x00000000c0000000, 0x00000000c4300000, 0x00000000eab00000)
  object space 68608K, 54% used [0x00000000c0000000,0x00000000c2475858,0x00000000c4300000)
 Metaspace       used 49162K, committed 49920K, reserved 1097728K
  class space    used 4958K, committed 5312K, reserved 1048576K
}
Event: 16.649 GC heap after
{Heap after GC invocations=33 (full 2):
 PSYoungGen      total 23040K, used 544K [0x00000000eab00000, 0x00000000ec780000, 0x0000000100000000)
  eden space 22016K, 0% used [0x00000000eab00000,0x00000000eab00000,0x00000000ec080000)
  from space 1024K, 53% used [0x00000000ec580000,0x00000000ec608000,0x00000000ec680000)
  to   space 1024K, 0% used [0x00000000ec680000,0x00000000ec680000,0x00000000ec780000)
 ParOldGen       total 68608K, used 37795K [0x00000000c0000000, 0x00000000c4300000, 0x00000000eab00000)
  object space 68608K, 55% used [0x00000000c0000000,0x00000000c24e8cd8,0x00000000c4300000)
 Metaspace       used 49162K, committed 49920K, reserved 1097728K
  class space    used 4958K, committed 5312K, reserved 1048576K
}
Event: 16.725 GC heap before
{Heap before GC invocations=34 (full 2):
 PSYoungGen      total 23040K, used 21789K [0x00000000eab00000, 0x00000000ec780000, 0x0000000100000000)
  eden space 22016K, 96% used [0x00000000eab00000,0x00000000ebfbf5e8,0x00000000ec080000)
  from space 1024K, 53% used [0x00000000ec580000,0x00000000ec608000,0x00000000ec680000)
  to   space 1024K, 0% used [0x00000000ec680000,0x00000000ec680000,0x00000000ec780000)
 ParOldGen       total 68608K, used 37795K [0x00000000c0000000, 0x00000000c4300000, 0x00000000eab00000)
  object space 68608K, 55% used [0x00000000c0000000,0x00000000c24e8cd8,0x00000000c4300000)
 Metaspace       used 49166K, committed 49920K, reserved 1097728K
  class space    used 4958K, committed 5312K, reserved 1048576K
}
Event: 16.726 GC heap after
{Heap after GC invocations=34 (full 2):
 PSYoungGen      total 22528K, used 256K [0x00000000eab00000, 0x00000000ec700000, 0x0000000100000000)
  eden space 22016K, 0% used [0x00000000eab00000,0x00000000eab00000,0x00000000ec080000)
  from space 512K, 50% used [0x00000000ec680000,0x00000000ec6c0000,0x00000000ec700000)
  to   space 512K, 0% used [0x00000000ec600000,0x00000000ec600000,0x00000000ec680000)
 ParOldGen       total 68608K, used 38171K [0x00000000c0000000, 0x00000000c4300000, 0x00000000eab00000)
  object space 68608K, 55% used [0x00000000c0000000,0x00000000c2546cd8,0x00000000c4300000)
 Metaspace       used 49166K, committed 49920K, reserved 1097728K
  class space    used 4958K, committed 5312K, reserved 1048576K
}
Event: 16.801 GC heap before
{Heap before GC invocations=35 (full 2):
 PSYoungGen      total 22528K, used 22272K [0x00000000eab00000, 0x00000000ec700000, 0x0000000100000000)
  eden space 22016K, 100% used [0x00000000eab00000,0x00000000ec080000,0x00000000ec080000)
  from space 512K, 50% used [0x00000000ec680000,0x00000000ec6c0000,0x00000000ec700000)
  to   space 512K, 0% used [0x00000000ec600000,0x00000000ec600000,0x00000000ec680000)
 ParOldGen       total 68608K, used 38171K [0x00000000c0000000, 0x00000000c4300000, 0x00000000eab00000)
  object space 68608K, 55% used [0x00000000c0000000,0x00000000c2546cd8,0x00000000c4300000)
 Metaspace       used 49173K, committed 49920K, reserved 1097728K
  class space    used 4958K, committed 5312K, reserved 1048576K
}
Event: 16.801 GC heap after
{Heap after GC invocations=35 (full 2):
 PSYoungGen      total 22528K, used 512K [0x00000000eab00000, 0x00000000ec700000, 0x0000000100000000)
  eden space 22016K, 0% used [0x00000000eab00000,0x00000000eab00000,0x00000000ec080000)
  from space 512K, 100% used [0x00000000ec600000,0x00000000ec680000,0x00000000ec680000)
  to   space 512K, 0% used [0x00000000ec680000,0x00000000ec680000,0x00000000ec700000)
 ParOldGen       total 68608K, used 38219K [0x00000000c0000000, 0x00000000c4300000, 0x00000000eab00000)
  object space 68608K, 55% used [0x00000000c0000000,0x00000000c2552cd8,0x00000000c4300000)
 Metaspace       used 49173K, committed 49920K, reserved 1097728K
  class space    used 4958K, committed 5312K, reserved 1048576K
}
Event: 18.725 GC heap before
{Heap before GC invocations=36 (full 2):
 PSYoungGen      total 22528K, used 22528K [0x00000000eab00000, 0x00000000ec700000, 0x0000000100000000)
  eden space 22016K, 100% used [0x00000000eab00000,0x00000000ec080000,0x00000000ec080000)
  from space 512K, 100% used [0x00000000ec600000,0x00000000ec680000,0x00000000ec680000)
  to   space 512K, 0% used [0x00000000ec680000,0x00000000ec680000,0x00000000ec700000)
 ParOldGen       total 68608K, used 38219K [0x00000000c0000000, 0x00000000c4300000, 0x00000000eab00000)
  object space 68608K, 55% used [0x00000000c0000000,0x00000000c2552cd8,0x00000000c4300000)
 Metaspace       used 49530K, committed 50240K, reserved 1097728K
  class space    used 4959K, committed 5312K, reserved 1048576K
}
Event: 18.726 GC heap after
{Heap after GC invocations=36 (full 2):
 PSYoungGen      total 22528K, used 512K [0x00000000eab00000, 0x00000000ec700000, 0x0000000100000000)
  eden space 22016K, 0% used [0x00000000eab00000,0x00000000eab00000,0x00000000ec080000)
  from space 512K, 100% used [0x00000000ec680000,0x00000000ec700000,0x00000000ec700000)
  to   space 2560K, 0% used [0x00000000ec200000,0x00000000ec200000,0x00000000ec480000)
 ParOldGen       total 68608K, used 39854K [0x00000000c0000000, 0x00000000c4300000, 0x00000000eab00000)
  object space 68608K, 58% used [0x00000000c0000000,0x00000000c26eba58,0x00000000c4300000)
 Metaspace       used 49530K, committed 50240K, reserved 1097728K
  class space    used 4959K, committed 5312K, reserved 1048576K
}
Event: 55.899 GC heap before
{Heap before GC invocations=37 (full 2):
 PSYoungGen      total 22528K, used 22525K [0x00000000eab00000, 0x00000000ec700000, 0x0000000100000000)
  eden space 22016K, 99% used [0x00000000eab00000,0x00000000ec07f440,0x00000000ec080000)
  from space 512K, 100% used [0x00000000ec680000,0x00000000ec700000,0x00000000ec700000)
  to   space 2560K, 0% used [0x00000000ec200000,0x00000000ec200000,0x00000000ec480000)
 ParOldGen       total 68608K, used 39854K [0x00000000c0000000, 0x00000000c4300000, 0x00000000eab00000)
  object space 68608K, 58% used [0x00000000c0000000,0x00000000c26eba58,0x00000000c4300000)
 Metaspace       used 49815K, committed 50560K, reserved 1097728K
  class space    used 4964K, committed 5312K, reserved 1048576K
}
Event: 55.900 GC heap after
{Heap after GC invocations=37 (full 2):
 PSYoungGen      total 24576K, used 645K [0x00000000eab00000, 0x00000000ec700000, 0x0000000100000000)
  eden space 22016K, 0% used [0x00000000eab00000,0x00000000eab00000,0x00000000ec080000)
  from space 2560K, 25% used [0x00000000ec200000,0x00000000ec2a1760,0x00000000ec480000)
  to   space 1536K, 0% used [0x00000000ec580000,0x00000000ec580000,0x00000000ec700000)
 ParOldGen       total 68608K, used 40400K [0x00000000c0000000, 0x00000000c4300000, 0x00000000eab00000)
  object space 68608K, 58% used [0x00000000c0000000,0x00000000c27740c8,0x00000000c4300000)
 Metaspace       used 49815K, committed 50560K, reserved 1097728K
  class space    used 4964K, committed 5312K, reserved 1048576K
}
Event: 61.907 GC heap before
{Heap before GC invocations=38 (full 2):
 PSYoungGen      total 24576K, used 22661K [0x00000000eab00000, 0x00000000ec700000, 0x0000000100000000)
  eden space 22016K, 100% used [0x00000000eab00000,0x00000000ec080000,0x00000000ec080000)
  from space 2560K, 25% used [0x00000000ec200000,0x00000000ec2a1760,0x00000000ec480000)
  to   space 1536K, 0% used [0x00000000ec580000,0x00000000ec580000,0x00000000ec700000)
 ParOldGen       total 68608K, used 40400K [0x00000000c0000000, 0x00000000c4300000, 0x00000000eab00000)
  object space 68608K, 58% used [0x00000000c0000000,0x00000000c27740c8,0x00000000c4300000)
 Metaspace       used 50131K, committed 50816K, reserved 1097728K
  class space    used 4967K, committed 5312K, reserved 1048576K
}
Event: 61.908 GC heap after
{Heap after GC invocations=38 (full 2):
 PSYoungGen      total 23040K, used 768K [0x00000000eab00000, 0x00000000ec680000, 0x0000000100000000)
  eden space 22016K, 0% used [0x00000000eab00000,0x00000000eab00000,0x00000000ec080000)
  from space 1024K, 75% used [0x00000000ec580000,0x00000000ec640000,0x00000000ec680000)
  to   space 1024K, 0% used [0x00000000ec480000,0x00000000ec480000,0x00000000ec580000)
 ParOldGen       total 68608K, used 40955K [0x00000000c0000000, 0x00000000c4300000, 0x00000000eab00000)
  object space 68608K, 59% used [0x00000000c0000000,0x00000000c27fec70,0x00000000c4300000)
 Metaspace       used 50131K, committed 50816K, reserved 1097728K
  class space    used 4967K, committed 5312K, reserved 1048576K
}

