# JRE version: OpenJDK Runtime Environment Temurin-17.0.4.1+1 (17.0.4.1+1) (build 17.0.4.1+1)
# Java VM: OpenJDK 64-Bit Server VM Temurin-17.0.4.1+1 (17.0.4.1+1, mixed mode, tiered, compressed oops, compressed class ptrs, parallel gc, windows-amd64)
GC Precious Log:
 CPUs: 12 total, 12 available
 Memory: 16163M
 Large Page Support: Disabled
 NUMA Support: Disabled
 Compressed Oops: Enabled (32-bit)
 Alignments: Space 512K, Generation 512K, Heap 2M
 Heap Min Capacity: 100M
 Heap Initial Capacity: 100M
 Heap Max Capacity: 1G
 Pre-touch: Disabled
 Parallel Workers: 10
Heap:
 PSYoungGen      total 24064K, used 14600K [0x00000000eab00000, 0x00000000ec480000, 0x0000000100000000)
  eden space 22016K, 63% used [0x00000000eab00000,0x00000000eb8badc0,0x00000000ec080000)
  from space 2048K, 26% used [0x00000000ec180000,0x00000000ec207288,0x00000000ec380000)
  to   space 1024K, 0% used [0x00000000ec380000,0x00000000ec380000,0x00000000ec480000)
 ParOldGen       total 68608K, used 23889K [0x00000000c0000000, 0x00000000c4300000, 0x00000000eab00000)
  object space 68608K, 34% used [0x00000000c0000000,0x00000000c1754750,0x00000000c4300000)
 Metaspace       used 38701K, committed 39296K, reserved 1089536K
  class space    used 3960K, committed 4224K, reserved 1048576K
GC Heap History (20 events):
Event: 7.832 GC heap before
{Heap before GC invocations=8 (full 1):
 PSYoungGen      total 26112K, used 26029K [0x00000000eab00000, 0x00000000ec780000, 0x0000000100000000)
  eden space 24576K, 100% used [0x00000000eab00000,0x00000000ec300000,0x00000000ec300000)
  from space 1536K, 94% used [0x00000000ec600000,0x00000000ec76b538,0x00000000ec780000)
  to   space 2048K, 0% used [0x00000000ec380000,0x00000000ec380000,0x00000000ec580000)
 ParOldGen       total 68608K, used 7128K [0x00000000c0000000, 0x00000000c4300000, 0x00000000eab00000)
  object space 68608K, 10% used [0x00000000c0000000,0x00000000c06f6140,0x00000000c4300000)
 Metaspace       used 31670K, committed 32192K, reserved 1081344K
  class space    used 3178K, committed 3392K, reserved 1048576K
}
Event: 7.834 GC heap after
{Heap after GC invocations=8 (full 1):
 PSYoungGen      total 26112K, used 2024K [0x00000000eab00000, 0x00000000ec880000, 0x0000000100000000)
  eden space 24064K, 0% used [0x00000000eab00000,0x00000000eab00000,0x00000000ec280000)
  from space 2048K, 98% used [0x00000000ec380000,0x00000000ec57a000,0x00000000ec580000)
  to   space 3072K, 0% used [0x00000000ec580000,0x00000000ec580000,0x00000000ec880000)
 ParOldGen       total 68608K, used 7567K [0x00000000c0000000, 0x00000000c4300000, 0x00000000eab00000)
  object space 68608K, 11% used [0x00000000c0000000,0x00000000c0763fc8,0x00000000c4300000)
 Metaspace       used 31670K, committed 32192K, reserved 1081344K
  class space    used 3178K, committed 3392K, reserved 1048576K
}
Event: 8.332 GC heap before
{Heap before GC invocations=9 (full 1):
 PSYoungGen      total 26112K, used 26088K [0x00000000eab00000, 0x00000000ec880000, 0x0000000100000000)
  eden space 24064K, 100% used [0x00000000eab00000,0x00000000ec280000,0x00000000ec280000)
  from space 2048K, 98% used [0x00000000ec380000,0x00000000ec57a000,0x00000000ec580000)
  to   space 3072K, 0% used [0x00000000ec580000,0x00000000ec580000,0x00000000ec880000)
 ParOldGen       total 68608K, used 7567K [0x00000000c0000000, 0x00000000c4300000, 0x00000000eab00000)
  object space 68608K, 11% used [0x00000000c0000000,0x00000000c0763fc8,0x00000000c4300000)
 Metaspace       used 34583K, committed 35200K, reserved 1081344K
  class space    used 3500K, committed 3776K, reserved 1048576K
}
Event: 8.334 GC heap after
{Heap after GC invocations=9 (full 1):
 PSYoungGen      total 26112K, used 3063K [0x00000000eab00000, 0x00000000eca00000, 0x0000000100000000)
  eden space 23040K, 0% used [0x00000000eab00000,0x00000000eab00000,0x00000000ec180000)
  from space 3072K, 99% used [0x00000000ec580000,0x00000000ec87dc40,0x00000000ec880000)
  to   space 4096K, 0% used [0x00000000ec180000,0x00000000ec180000,0x00000000ec580000)
 ParOldGen       total 68608K, used 8167K [0x00000000c0000000, 0x00000000c4300000, 0x00000000eab00000)
  object space 68608K, 11% used [0x00000000c0000000,0x00000000c07f9fd8,0x00000000c4300000)
 Metaspace       used 34583K, committed 35200K, reserved 1081344K
  class space    used 3500K, committed 3776K, reserved 1048576K
}
Event: 8.446 GC heap before
{Heap before GC invocations=10 (full 1):
 PSYoungGen      total 26112K, used 26103K [0x00000000eab00000, 0x00000000eca00000, 0x0000000100000000)
  eden space 23040K, 100% used [0x00000000eab00000,0x00000000ec180000,0x00000000ec180000)
  from space 3072K, 99% used [0x00000000ec580000,0x00000000ec87dc40,0x00000000ec880000)
  to   space 4096K, 0% used [0x00000000ec180000,0x00000000ec180000,0x00000000ec580000)
 ParOldGen       total 68608K, used 8167K [0x00000000c0000000, 0x00000000c4300000, 0x00000000eab00000)
  object space 68608K, 11% used [0x00000000c0000000,0x00000000c07f9fd8,0x00000000c4300000)
 Metaspace       used 34743K, committed 35328K, reserved 1081344K
  class space    used 3518K, committed 3776K, reserved 1048576K
}
Event: 8.450 GC heap after
{Heap after GC invocations=10 (full 1):
 PSYoungGen      total 26624K, used 4086K [0x00000000eab00000, 0x00000000ecc00000, 0x0000000100000000)
  eden space 22528K, 0% used [0x00000000eab00000,0x00000000eab00000,0x00000000ec100000)
  from space 4096K, 99% used [0x00000000ec180000,0x00000000ec57d948,0x00000000ec580000)
  to   space 5632K, 0% used [0x00000000ec680000,0x00000000ec680000,0x00000000ecc00000)
 ParOldGen       total 68608K, used 9214K [0x00000000c0000000, 0x00000000c4300000, 0x00000000eab00000)
  object space 68608K, 13% used [0x00000000c0000000,0x00000000c08ffbb0,0x00000000c4300000)
 Metaspace       used 34743K, committed 35328K, reserved 1081344K
  class space    used 3518K, committed 3776K, reserved 1048576K
}
Event: 8.584 GC heap before
{Heap before GC invocations=11 (full 1):
 PSYoungGen      total 26624K, used 26614K [0x00000000eab00000, 0x00000000ecc00000, 0x0000000100000000)
  eden space 22528K, 100% used [0x00000000eab00000,0x00000000ec100000,0x00000000ec100000)
  from space 4096K, 99% used [0x00000000ec180000,0x00000000ec57d948,0x00000000ec580000)
  to   space 5632K, 0% used [0x00000000ec680000,0x00000000ec680000,0x00000000ecc00000)
 ParOldGen       total 68608K, used 9214K [0x00000000c0000000, 0x00000000c4300000, 0x00000000eab00000)
  object space 68608K, 13% used [0x00000000c0000000,0x00000000c08ffbb0,0x00000000c4300000)
 Metaspace       used 34823K, committed 35392K, reserved 1081344K
  class space    used 3529K, committed 3776K, reserved 1048576K
}
Event: 8.588 GC heap after
{Heap after GC invocations=11 (full 1):
 PSYoungGen      total 27136K, used 4640K [0x00000000eab00000, 0x00000000ecb80000, 0x0000000100000000)
  eden space 22016K, 0% used [0x00000000eab00000,0x00000000eab00000,0x00000000ec080000)
  from space 5120K, 90% used [0x00000000ec680000,0x00000000ecb08020,0x00000000ecb80000)
  to   space 5120K, 0% used [0x00000000ec180000,0x00000000ec180000,0x00000000ec680000)
 ParOldGen       total 68608K, used 11299K [0x00000000c0000000, 0x00000000c4300000, 0x00000000eab00000)
  object space 68608K, 16% used [0x00000000c0000000,0x00000000c0b08db8,0x00000000c4300000)
 Metaspace       used 34823K, committed 35392K, reserved 1081344K
  class space    used 3529K, committed 3776K, reserved 1048576K
}
Event: 8.679 GC heap before
{Heap before GC invocations=12 (full 1):
 PSYoungGen      total 27136K, used 26656K [0x00000000eab00000, 0x00000000ecb80000, 0x0000000100000000)
  eden space 22016K, 100% used [0x00000000eab00000,0x00000000ec080000,0x00000000ec080000)
  from space 5120K, 90% used [0x00000000ec680000,0x00000000ecb08020,0x00000000ecb80000)
  to   space 5120K, 0% used [0x00000000ec180000,0x00000000ec180000,0x00000000ec680000)
 ParOldGen       total 68608K, used 11299K [0x00000000c0000000, 0x00000000c4300000, 0x00000000eab00000)
  object space 68608K, 16% used [0x00000000c0000000,0x00000000c0b08db8,0x00000000c4300000)
 Metaspace       used 34824K, committed 35392K, reserved 1081344K
  class space    used 3529K, committed 3776K, reserved 1048576K
}
Event: 8.683 GC heap after
{Heap after GC invocations=12 (full 1):
 PSYoungGen      total 24576K, used 2336K [0x00000000eab00000, 0x00000000ec780000, 0x0000000100000000)
  eden space 22016K, 0% used [0x00000000eab00000,0x00000000eab00000,0x00000000ec080000)
  from space 2560K, 91% used [0x00000000ec180000,0x00000000ec3c8000,0x00000000ec400000)
  to   space 3584K, 0% used [0x00000000ec400000,0x00000000ec400000,0x00000000ec780000)
 ParOldGen       total 68608K, used 15825K [0x00000000c0000000, 0x00000000c4300000, 0x00000000eab00000)
  object space 68608K, 23% used [0x00000000c0000000,0x00000000c0f74698,0x00000000c4300000)
 Metaspace       used 34824K, committed 35392K, reserved 1081344K
  class space    used 3529K, committed 3776K, reserved 1048576K
}
Event: 8.782 GC heap before
{Heap before GC invocations=13 (full 1):
 PSYoungGen      total 24576K, used 24352K [0x00000000eab00000, 0x00000000ec780000, 0x0000000100000000)
  eden space 22016K, 100% used [0x00000000eab00000,0x00000000ec080000,0x00000000ec080000)
  from space 2560K, 91% used [0x00000000ec180000,0x00000000ec3c8000,0x00000000ec400000)
  to   space 3584K, 0% used [0x00000000ec400000,0x00000000ec400000,0x00000000ec780000)
 ParOldGen       total 68608K, used 15825K [0x00000000c0000000, 0x00000000c4300000, 0x00000000eab00000)
  object space 68608K, 23% used [0x00000000c0000000,0x00000000c0f74698,0x00000000c4300000)
 Metaspace       used 34824K, committed 35392K, reserved 1081344K
  class space    used 3529K, committed 3776K, reserved 1048576K
}
Event: 8.784 GC heap after
{Heap after GC invocations=13 (full 1):
 PSYoungGen      total 25088K, used 2624K [0x00000000eab00000, 0x00000000ec700000, 0x0000000100000000)
  eden space 22016K, 0% used [0x00000000eab00000,0x00000000eab00000,0x00000000ec080000)
  from space 3072K, 85% used [0x00000000ec400000,0x00000000ec690010,0x00000000ec700000)
  to   space 3072K, 0% used [0x00000000ec100000,0x00000000ec100000,0x00000000ec400000)
 ParOldGen       total 68608K, used 18017K [0x00000000c0000000, 0x00000000c4300000, 0x00000000eab00000)
  object space 68608K, 26% used [0x00000000c0000000,0x00000000c1198698,0x00000000c4300000)
 Metaspace       used 34824K, committed 35392K, reserved 1081344K
  class space    used 3529K, committed 3776K, reserved 1048576K
}
Event: 8.969 GC heap before
{Heap before GC invocations=14 (full 1):
 PSYoungGen      total 25088K, used 23947K [0x00000000eab00000, 0x00000000ec700000, 0x0000000100000000)
  eden space 22016K, 96% used [0x00000000eab00000,0x00000000ebfd2f58,0x00000000ec080000)
  from space 3072K, 85% used [0x00000000ec400000,0x00000000ec690010,0x00000000ec700000)
  to   space 3072K, 0% used [0x00000000ec100000,0x00000000ec100000,0x00000000ec400000)
 ParOldGen       total 68608K, used 18017K [0x00000000c0000000, 0x00000000c4300000, 0x00000000eab00000)
  object space 68608K, 26% used [0x00000000c0000000,0x00000000c1198698,0x00000000c4300000)
 Metaspace       used 35247K, committed 35840K, reserved 1089536K
  class space    used 3570K, committed 3840K, reserved 1048576K
}
Event: 8.973 GC heap after
{Heap after GC invocations=14 (full 1):
 PSYoungGen      total 25088K, used 2948K [0x00000000eab00000, 0x00000000ec680000, 0x0000000100000000)
  eden space 22016K, 0% used [0x00000000eab00000,0x00000000eab00000,0x00000000ec080000)
  from space 3072K, 95% used [0x00000000ec100000,0x00000000ec3e13d0,0x00000000ec400000)
  to   space 2560K, 0% used [0x00000000ec400000,0x00000000ec400000,0x00000000ec680000)
 ParOldGen       total 68608K, used 20529K [0x00000000c0000000, 0x00000000c4300000, 0x00000000eab00000)
  object space 68608K, 29% used [0x00000000c0000000,0x00000000c140c6a8,0x00000000c4300000)
 Metaspace       used 35247K, committed 35840K, reserved 1089536K
  class space    used 3570K, committed 3840K, reserved 1048576K
}
Event: 8.973 GC heap before
{Heap before GC invocations=15 (full 2):
 PSYoungGen      total 25088K, used 2948K [0x00000000eab00000, 0x00000000ec680000, 0x0000000100000000)
  eden space 22016K, 0% used [0x00000000eab00000,0x00000000eab00000,0x00000000ec080000)
  from space 3072K, 95% used [0x00000000ec100000,0x00000000ec3e13d0,0x00000000ec400000)
  to   space 2560K, 0% used [0x00000000ec400000,0x00000000ec400000,0x00000000ec680000)
 ParOldGen       total 68608K, used 20529K [0x00000000c0000000, 0x00000000c4300000, 0x00000000eab00000)
  object space 68608K, 29% used [0x00000000c0000000,0x00000000c140c6a8,0x00000000c4300000)
 Metaspace       used 35247K, committed 35840K, reserved 1089536K
  class space    used 3570K, committed 3840K, reserved 1048576K
}
Event: 9.021 GC heap after
{Heap after GC invocations=15 (full 2):
 PSYoungGen      total 25088K, used 0K [0x00000000eab00000, 0x00000000ec680000, 0x0000000100000000)
  eden space 22016K, 0% used [0x00000000eab00000,0x00000000eab00000,0x00000000ec080000)
  from space 3072K, 0% used [0x00000000ec100000,0x00000000ec100000,0x00000000ec400000)
  to   space 2560K, 0% used [0x00000000ec400000,0x00000000ec400000,0x00000000ec680000)
 ParOldGen       total 68608K, used 22569K [0x00000000c0000000, 0x00000000c4300000, 0x00000000eab00000)
  object space 68608K, 32% used [0x00000000c0000000,0x00000000c160a5e0,0x00000000c4300000)
 Metaspace       used 35247K, committed 35840K, reserved 1089536K
  class space    used 3570K, committed 3840K, reserved 1048576K
}
Event: 9.487 GC heap before
{Heap before GC invocations=16 (full 2):
 PSYoungGen      total 25088K, used 22010K [0x00000000eab00000, 0x00000000ec680000, 0x0000000100000000)
  eden space 22016K, 99% used [0x00000000eab00000,0x00000000ec07eb60,0x00000000ec080000)
  from space 3072K, 0% used [0x00000000ec100000,0x00000000ec100000,0x00000000ec400000)
  to   space 2560K, 0% used [0x00000000ec400000,0x00000000ec400000,0x00000000ec680000)
 ParOldGen       total 68608K, used 22569K [0x00000000c0000000, 0x00000000c4300000, 0x00000000eab00000)
  object space 68608K, 32% used [0x00000000c0000000,0x00000000c160a5e0,0x00000000c4300000)
 Metaspace       used 37434K, committed 38080K, reserved 1089536K
  class space    used 3826K, committed 4096K, reserved 1048576K
}
Event: 9.490 GC heap after
{Heap after GC invocations=16 (full 2):
 PSYoungGen      total 23552K, used 1247K [0x00000000eab00000, 0x00000000ec580000, 0x0000000100000000)
  eden space 22016K, 0% used [0x00000000eab00000,0x00000000eab00000,0x00000000ec080000)
  from space 1536K, 81% used [0x00000000ec400000,0x00000000ec537fe0,0x00000000ec580000)
  to   space 2048K, 0% used [0x00000000ec180000,0x00000000ec180000,0x00000000ec380000)
 ParOldGen       total 68608K, used 22577K [0x00000000c0000000, 0x00000000c4300000, 0x00000000eab00000)
  object space 68608K, 32% used [0x00000000c0000000,0x00000000c160c5e0,0x00000000c4300000)
 Metaspace       used 37434K, committed 38080K, reserved 1089536K
  class space    used 3826K, committed 4096K, reserved 1048576K
}
Event: 9.617 GC heap before
{Heap before GC invocations=17 (full 2):
 PSYoungGen      total 23552K, used 23263K [0x00000000eab00000, 0x00000000ec580000, 0x0000000100000000)
  eden space 22016K, 100% used [0x00000000eab00000,0x00000000ec080000,0x00000000ec080000)
  from space 1536K, 81% used [0x00000000ec400000,0x00000000ec537fe0,0x00000000ec580000)
  to   space 2048K, 0% used [0x00000000ec180000,0x00000000ec180000,0x00000000ec380000)
 ParOldGen       total 68608K, used 22577K [0x00000000c0000000, 0x00000000c4300000, 0x00000000eab00000)
  object space 68608K, 32% used [0x00000000c0000000,0x00000000c160c5e0,0x00000000c4300000)
 Metaspace       used 37477K, committed 38080K, reserved 1089536K
  class space    used 3826K, committed 4096K, reserved 1048576K
}
Event: 9.619 GC heap after
{Heap after GC invocations=17 (full 2):
 PSYoungGen      total 24064K, used 540K [0x00000000eab00000, 0x00000000ec480000, 0x0000000100000000)
  eden space 22016K, 0% used [0x00000000eab00000,0x00000000eab00000,0x00000000ec080000)
  from space 2048K, 26% used [0x00000000ec180000,0x00000000ec207288,0x00000000ec380000)
  to   space 1024K, 0% used [0x00000000ec380000,0x00000000ec380000,0x00000000ec480000)
 ParOldGen       total 68608K, used 23889K [0x00000000c0000000, 0x00000000c4300000, 0x00000000eab00000)
  object space 68608K, 34% used [0x00000000c0000000,0x00000000c1754750,0x00000000c4300000)
 Metaspace       used 37477K, committed 38080K, reserved 1089536K
  class space    used 3826K, committed 4096K, reserved 1048576K
}

