# JRE version: OpenJDK Runtime Environment Temurin-17.0.4.1+1 (17.0.4.1+1) (build 17.0.4.1+1)
# Java VM: OpenJDK 64-Bit Server VM Temurin-17.0.4.1+1 (17.0.4.1+1, mixed mode, tiered, compressed oops, compressed class ptrs, parallel gc, windows-amd64)
GC Precious Log:
 CPUs: 12 total, 12 available
 Memory: 16163M
 Large Page Support: Disabled
 NUMA Support: Disabled
 Compressed Oops: Enabled (32-bit)
 Alignments: Space 512K, Generation 512K, Heap 2M
 Heap Min Capacity: 100M
 Heap Initial Capacity: 100M
 Heap Max Capacity: 1G
 Pre-touch: Disabled
 Parallel Workers: 10
Heap:
 PSYoungGen      total 21504K, used 4081K [0x00000000eab00000, 0x00000000ec180000, 0x0000000100000000)
  eden space 20480K, 16% used [0x00000000eab00000,0x00000000eae5fe18,0x00000000ebf00000)
  from space 1024K, 61% used [0x00000000ec080000,0x00000000ec11c938,0x00000000ec180000)
  to   space 1024K, 0% used [0x00000000ebf80000,0x00000000ebf80000,0x00000000ec080000)
 ParOldGen       total 68608K, used 29217K [0x00000000c0000000, 0x00000000c4300000, 0x00000000eab00000)
  object space 68608K, 42% used [0x00000000c0000000,0x00000000c1c88590,0x00000000c4300000)
 Metaspace       used 47594K, committed 48320K, reserved 1097728K
  class space    used 4819K, committed 5184K, reserved 1048576K
GC Heap History (20 events):
Event: 3.752 GC heap before
{Heap before GC invocations=16 (full 2):
 PSYoungGen      total 20992K, used 256K [0x00000000eab00000, 0x00000000ec300000, 0x0000000100000000)
  eden space 20480K, 0% used [0x00000000eab00000,0x00000000eab00000,0x00000000ebf00000)
  from space 512K, 50% used [0x00000000ec280000,0x00000000ec2c0000,0x00000000ec300000)
  to   space 1536K, 0% used [0x00000000ec000000,0x00000000ec000000,0x00000000ec180000)
 ParOldGen       total 68608K, used 23254K [0x00000000c0000000, 0x00000000c4300000, 0x00000000eab00000)
  object space 68608K, 33% used [0x00000000c0000000,0x00000000c16b5b30,0x00000000c4300000)
 Metaspace       used 35195K, committed 35840K, reserved 1089536K
  class space    used 3563K, committed 3840K, reserved 1048576K
}
Event: 3.786 GC heap after
{Heap after GC invocations=16 (full 2):
 PSYoungGen      total 20992K, used 0K [0x00000000eab00000, 0x00000000ec300000, 0x0000000100000000)
  eden space 20480K, 0% used [0x00000000eab00000,0x00000000eab00000,0x00000000ebf00000)
  from space 512K, 0% used [0x00000000ec280000,0x00000000ec280000,0x00000000ec300000)
  to   space 1536K, 0% used [0x00000000ec000000,0x00000000ec000000,0x00000000ec180000)
 ParOldGen       total 68608K, used 22625K [0x00000000c0000000, 0x00000000c4300000, 0x00000000eab00000)
  object space 68608K, 32% used [0x00000000c0000000,0x00000000c16186a8,0x00000000c4300000)
 Metaspace       used 35195K, committed 35840K, reserved 1089536K
  class space    used 3563K, committed 3840K, reserved 1048576K
}
Event: 4.064 GC heap before
{Heap before GC invocations=17 (full 2):
 PSYoungGen      total 20992K, used 20465K [0x00000000eab00000, 0x00000000ec300000, 0x0000000100000000)
  eden space 20480K, 99% used [0x00000000eab00000,0x00000000ebefc768,0x00000000ebf00000)
  from space 512K, 0% used [0x00000000ec280000,0x00000000ec280000,0x00000000ec300000)
  to   space 1536K, 0% used [0x00000000ec000000,0x00000000ec000000,0x00000000ec180000)
 ParOldGen       total 68608K, used 22625K [0x00000000c0000000, 0x00000000c4300000, 0x00000000eab00000)
  object space 68608K, 32% used [0x00000000c0000000,0x00000000c16186a8,0x00000000c4300000)
 Metaspace       used 37344K, committed 38016K, reserved 1089536K
  class space    used 3846K, committed 4160K, reserved 1048576K
}
Event: 4.065 GC heap after
{Heap after GC invocations=17 (full 2):
 PSYoungGen      total 22016K, used 758K [0x00000000eab00000, 0x00000000ec300000, 0x0000000100000000)
  eden space 20480K, 0% used [0x00000000eab00000,0x00000000eab00000,0x00000000ebf00000)
  from space 1536K, 49% used [0x00000000ec000000,0x00000000ec0bda20,0x00000000ec180000)
  to   space 1024K, 0% used [0x00000000ec200000,0x00000000ec200000,0x00000000ec300000)
 ParOldGen       total 68608K, used 22633K [0x00000000c0000000, 0x00000000c4300000, 0x00000000eab00000)
  object space 68608K, 32% used [0x00000000c0000000,0x00000000c161a6a8,0x00000000c4300000)
 Metaspace       used 37344K, committed 38016K, reserved 1089536K
  class space    used 3846K, committed 4160K, reserved 1048576K
}
Event: 4.419 GC heap before
{Heap before GC invocations=18 (full 2):
 PSYoungGen      total 22016K, used 21238K [0x00000000eab00000, 0x00000000ec300000, 0x0000000100000000)
  eden space 20480K, 100% used [0x00000000eab00000,0x00000000ebf00000,0x00000000ebf00000)
  from space 1536K, 49% used [0x00000000ec000000,0x00000000ec0bda20,0x00000000ec180000)
  to   space 1024K, 0% used [0x00000000ec200000,0x00000000ec200000,0x00000000ec300000)
 ParOldGen       total 68608K, used 22633K [0x00000000c0000000, 0x00000000c4300000, 0x00000000eab00000)
  object space 68608K, 32% used [0x00000000c0000000,0x00000000c161a6a8,0x00000000c4300000)
 Metaspace       used 39227K, committed 39872K, reserved 1089536K
  class space    used 3995K, committed 4288K, reserved 1048576K
}
Event: 4.421 GC heap after
{Heap after GC invocations=18 (full 2):
 PSYoungGen      total 20992K, used 448K [0x00000000eab00000, 0x00000000ec280000, 0x0000000100000000)
  eden space 20480K, 0% used [0x00000000eab00000,0x00000000eab00000,0x00000000ebf00000)
  from space 512K, 87% used [0x00000000ec200000,0x00000000ec270000,0x00000000ec280000)
  to   space 1024K, 0% used [0x00000000ec080000,0x00000000ec080000,0x00000000ec180000)
 ParOldGen       total 68608K, used 23273K [0x00000000c0000000, 0x00000000c4300000, 0x00000000eab00000)
  object space 68608K, 33% used [0x00000000c0000000,0x00000000c16ba488,0x00000000c4300000)
 Metaspace       used 39227K, committed 39872K, reserved 1089536K
  class space    used 3995K, committed 4288K, reserved 1048576K
}
Event: 4.514 GC heap before
{Heap before GC invocations=19 (full 2):
 PSYoungGen      total 20992K, used 20928K [0x00000000eab00000, 0x00000000ec280000, 0x0000000100000000)
  eden space 20480K, 100% used [0x00000000eab00000,0x00000000ebf00000,0x00000000ebf00000)
  from space 512K, 87% used [0x00000000ec200000,0x00000000ec270000,0x00000000ec280000)
  to   space 1024K, 0% used [0x00000000ec080000,0x00000000ec080000,0x00000000ec180000)
 ParOldGen       total 68608K, used 23273K [0x00000000c0000000, 0x00000000c4300000, 0x00000000eab00000)
  object space 68608K, 33% used [0x00000000c0000000,0x00000000c16ba488,0x00000000c4300000)
 Metaspace       used 39316K, committed 39936K, reserved 1089536K
  class space    used 4000K, committed 4288K, reserved 1048576K
}
Event: 4.515 GC heap after
{Heap after GC invocations=19 (full 2):
 PSYoungGen      total 21504K, used 1013K [0x00000000eab00000, 0x00000000ec300000, 0x0000000100000000)
  eden space 20480K, 0% used [0x00000000eab00000,0x00000000eab00000,0x00000000ebf00000)
  from space 1024K, 99% used [0x00000000ec080000,0x00000000ec17d758,0x00000000ec180000)
  to   space 1536K, 0% used [0x00000000ec180000,0x00000000ec180000,0x00000000ec300000)
 ParOldGen       total 68608K, used 23841K [0x00000000c0000000, 0x00000000c4300000, 0x00000000eab00000)
  object space 68608K, 34% used [0x00000000c0000000,0x00000000c1748548,0x00000000c4300000)
 Metaspace       used 39316K, committed 39936K, reserved 1089536K
  class space    used 4000K, committed 4288K, reserved 1048576K
}
Event: 4.717 GC heap before
{Heap before GC invocations=20 (full 2):
 PSYoungGen      total 21504K, used 21493K [0x00000000eab00000, 0x00000000ec300000, 0x0000000100000000)
  eden space 20480K, 100% used [0x00000000eab00000,0x00000000ebf00000,0x00000000ebf00000)
  from space 1024K, 99% used [0x00000000ec080000,0x00000000ec17d758,0x00000000ec180000)
  to   space 1536K, 0% used [0x00000000ec180000,0x00000000ec180000,0x00000000ec300000)
 ParOldGen       total 68608K, used 23841K [0x00000000c0000000, 0x00000000c4300000, 0x00000000eab00000)
  object space 68608K, 34% used [0x00000000c0000000,0x00000000c1748548,0x00000000c4300000)
 Metaspace       used 40958K, committed 41600K, reserved 1089536K
  class space    used 4166K, committed 4480K, reserved 1048576K
}
Event: 4.718 GC heap after
{Heap after GC invocations=20 (full 2):
 PSYoungGen      total 20992K, used 448K [0x00000000eab00000, 0x00000000ec200000, 0x0000000100000000)
  eden space 20480K, 0% used [0x00000000eab00000,0x00000000eab00000,0x00000000ebf00000)
  from space 512K, 87% used [0x00000000ec180000,0x00000000ec1f0000,0x00000000ec200000)
  to   space 1024K, 0% used [0x00000000ec000000,0x00000000ec000000,0x00000000ec100000)
 ParOldGen       total 68608K, used 23961K [0x00000000c0000000, 0x00000000c4300000, 0x00000000eab00000)
  object space 68608K, 34% used [0x00000000c0000000,0x00000000c1766548,0x00000000c4300000)
 Metaspace       used 40958K, committed 41600K, reserved 1089536K
  class space    used 4166K, committed 4480K, reserved 1048576K
}
Event: 5.655 GC heap before
{Heap before GC invocations=21 (full 2):
 PSYoungGen      total 20992K, used 20928K [0x00000000eab00000, 0x00000000ec200000, 0x0000000100000000)
  eden space 20480K, 100% used [0x00000000eab00000,0x00000000ebf00000,0x00000000ebf00000)
  from space 512K, 87% used [0x00000000ec180000,0x00000000ec1f0000,0x00000000ec200000)
  to   space 1024K, 0% used [0x00000000ec000000,0x00000000ec000000,0x00000000ec100000)
 ParOldGen       total 68608K, used 23961K [0x00000000c0000000, 0x00000000c4300000, 0x00000000eab00000)
  object space 68608K, 34% used [0x00000000c0000000,0x00000000c1766548,0x00000000c4300000)
 Metaspace       used 44465K, committed 45120K, reserved 1089536K
  class space    used 4497K, committed 4800K, reserved 1048576K
}
Event: 5.657 GC heap after
{Heap after GC invocations=21 (full 2):
 PSYoungGen      total 21504K, used 1023K [0x00000000eab00000, 0x00000000ec500000, 0x0000000100000000)
  eden space 20480K, 0% used [0x00000000eab00000,0x00000000eab00000,0x00000000ebf00000)
  from space 1024K, 99% used [0x00000000ec000000,0x00000000ec0ffda0,0x00000000ec100000)
  to   space 3072K, 0% used [0x00000000ec200000,0x00000000ec200000,0x00000000ec500000)
 ParOldGen       total 68608K, used 25215K [0x00000000c0000000, 0x00000000c4300000, 0x00000000eab00000)
  object space 68608K, 36% used [0x00000000c0000000,0x00000000c189ff58,0x00000000c4300000)
 Metaspace       used 44465K, committed 45120K, reserved 1089536K
  class space    used 4497K, committed 4800K, reserved 1048576K
}
Event: 7.632 GC heap before
{Heap before GC invocations=22 (full 2):
 PSYoungGen      total 21504K, used 21503K [0x00000000eab00000, 0x00000000ec500000, 0x0000000100000000)
  eden space 20480K, 100% used [0x00000000eab00000,0x00000000ebf00000,0x00000000ebf00000)
  from space 1024K, 99% used [0x00000000ec000000,0x00000000ec0ffda0,0x00000000ec100000)
  to   space 3072K, 0% used [0x00000000ec200000,0x00000000ec200000,0x00000000ec500000)
 ParOldGen       total 68608K, used 25215K [0x00000000c0000000, 0x00000000c4300000, 0x00000000eab00000)
  object space 68608K, 36% used [0x00000000c0000000,0x00000000c189ff58,0x00000000c4300000)
 Metaspace       used 46153K, committed 46784K, reserved 1097728K
  class space    used 4686K, committed 4992K, reserved 1048576K
}
Event: 7.634 GC heap after
{Heap after GC invocations=22 (full 2):
 PSYoungGen      total 22016K, used 1312K [0x00000000eab00000, 0x00000000ec380000, 0x0000000100000000)
  eden space 20480K, 0% used [0x00000000eab00000,0x00000000eab00000,0x00000000ebf00000)
  from space 1536K, 85% used [0x00000000ec200000,0x00000000ec348000,0x00000000ec380000)
  to   space 2048K, 0% used [0x00000000ebf80000,0x00000000ebf80000,0x00000000ec180000)
 ParOldGen       total 68608K, used 26233K [0x00000000c0000000, 0x00000000c4300000, 0x00000000eab00000)
  object space 68608K, 38% used [0x00000000c0000000,0x00000000c199e508,0x00000000c4300000)
 Metaspace       used 46153K, committed 46784K, reserved 1097728K
  class space    used 4686K, committed 4992K, reserved 1048576K
}
Event: 7.864 GC heap before
{Heap before GC invocations=23 (full 2):
 PSYoungGen      total 22016K, used 20207K [0x00000000eab00000, 0x00000000ec380000, 0x0000000100000000)
  eden space 20480K, 92% used [0x00000000eab00000,0x00000000ebd73ea8,0x00000000ebf00000)
  from space 1536K, 85% used [0x00000000ec200000,0x00000000ec348000,0x00000000ec380000)
  to   space 2048K, 0% used [0x00000000ebf80000,0x00000000ebf80000,0x00000000ec180000)
 ParOldGen       total 68608K, used 26233K [0x00000000c0000000, 0x00000000c4300000, 0x00000000eab00000)
  object space 68608K, 38% used [0x00000000c0000000,0x00000000c199e508,0x00000000c4300000)
 Metaspace       used 46766K, committed 47488K, reserved 1097728K
  class space    used 4770K, committed 5120K, reserved 1048576K
}
Event: 7.866 GC heap after
{Heap after GC invocations=23 (full 2):
 PSYoungGen      total 22016K, used 1236K [0x00000000eab00000, 0x00000000ec280000, 0x0000000100000000)
  eden space 20480K, 0% used [0x00000000eab00000,0x00000000eab00000,0x00000000ebf00000)
  from space 1536K, 80% used [0x00000000ebf80000,0x00000000ec0b5340,0x00000000ec100000)
  to   space 1536K, 0% used [0x00000000ec100000,0x00000000ec100000,0x00000000ec280000)
 ParOldGen       total 68608K, used 27380K [0x00000000c0000000, 0x00000000c4300000, 0x00000000eab00000)
  object space 68608K, 39% used [0x00000000c0000000,0x00000000c1abd0c8,0x00000000c4300000)
 Metaspace       used 46766K, committed 47488K, reserved 1097728K
  class space    used 4770K, committed 5120K, reserved 1048576K
}
Event: 8.025 GC heap before
{Heap before GC invocations=24 (full 2):
 PSYoungGen      total 22016K, used 20257K [0x00000000eab00000, 0x00000000ec280000, 0x0000000100000000)
  eden space 20480K, 92% used [0x00000000eab00000,0x00000000ebd930f8,0x00000000ebf00000)
  from space 1536K, 80% used [0x00000000ebf80000,0x00000000ec0b5340,0x00000000ec100000)
  to   space 1536K, 0% used [0x00000000ec100000,0x00000000ec100000,0x00000000ec280000)
 ParOldGen       total 68608K, used 27380K [0x00000000c0000000, 0x00000000c4300000, 0x00000000eab00000)
  object space 68608K, 39% used [0x00000000c0000000,0x00000000c1abd0c8,0x00000000c4300000)
 Metaspace       used 46888K, committed 47616K, reserved 1097728K
  class space    used 4776K, committed 5120K, reserved 1048576K
}
Event: 8.027 GC heap after
{Heap after GC invocations=24 (full 2):
 PSYoungGen      total 21504K, used 868K [0x00000000eab00000, 0x00000000ec200000, 0x0000000100000000)
  eden space 20480K, 0% used [0x00000000eab00000,0x00000000eab00000,0x00000000ebf00000)
  from space 1024K, 84% used [0x00000000ec100000,0x00000000ec1d9068,0x00000000ec200000)
  to   space 1024K, 0% used [0x00000000ec000000,0x00000000ec000000,0x00000000ec100000)
 ParOldGen       total 68608K, used 28451K [0x00000000c0000000, 0x00000000c4300000, 0x00000000eab00000)
  object space 68608K, 41% used [0x00000000c0000000,0x00000000c1bc8fd8,0x00000000c4300000)
 Metaspace       used 46888K, committed 47616K, reserved 1097728K
  class space    used 4776K, committed 5120K, reserved 1048576K
}
Event: 8.118 GC heap before
{Heap before GC invocations=25 (full 2):
 PSYoungGen      total 21504K, used 20465K [0x00000000eab00000, 0x00000000ec200000, 0x0000000100000000)
  eden space 20480K, 95% used [0x00000000eab00000,0x00000000ebe235a0,0x00000000ebf00000)
  from space 1024K, 84% used [0x00000000ec100000,0x00000000ec1d9068,0x00000000ec200000)
  to   space 1024K, 0% used [0x00000000ec000000,0x00000000ec000000,0x00000000ec100000)
 ParOldGen       total 68608K, used 28451K [0x00000000c0000000, 0x00000000c4300000, 0x00000000eab00000)
  object space 68608K, 41% used [0x00000000c0000000,0x00000000c1bc8fd8,0x00000000c4300000)
 Metaspace       used 46966K, committed 47680K, reserved 1097728K
  class space    used 4776K, committed 5120K, reserved 1048576K
}
Event: 8.119 GC heap after
{Heap after GC invocations=25 (full 2):
 PSYoungGen      total 20992K, used 384K [0x00000000eab00000, 0x00000000ec180000, 0x0000000100000000)
  eden space 20480K, 0% used [0x00000000eab00000,0x00000000eab00000,0x00000000ebf00000)
  from space 512K, 75% used [0x00000000ec000000,0x00000000ec060000,0x00000000ec080000)
  to   space 1024K, 0% used [0x00000000ec080000,0x00000000ec080000,0x00000000ec180000)
 ParOldGen       total 68608K, used 29101K [0x00000000c0000000, 0x00000000c4300000, 0x00000000eab00000)
  object space 68608K, 42% used [0x00000000c0000000,0x00000000c1c6b488,0x00000000c4300000)
 Metaspace       used 46966K, committed 47680K, reserved 1097728K
  class space    used 4776K, committed 5120K, reserved 1048576K
}

