# JRE version: OpenJDK Runtime Environment Temurin-17.0.4.1+1 (17.0.4.1+1) (build 17.0.4.1+1)
# Java VM: OpenJDK 64-Bit Server VM Temurin-17.0.4.1+1 (17.0.4.1+1, mixed mode, tiered, compressed oops, compressed class ptrs, parallel gc, windows-amd64)
GC Precious Log:
 CPUs: 12 total, 12 available
 Memory: 16163M
 Large Page Support: Disabled
 NUMA Support: Disabled
 Compressed Oops: Enabled (32-bit)
 Alignments: Space 512K, Generation 512K, Heap 2M
 Heap Min Capacity: 100M
 Heap Initial Capacity: 100M
 Heap Max Capacity: 1G
 Pre-touch: Disabled
 Parallel Workers: 10
Heap:
 PSYoungGen      total 23040K, used 18397K [0x00000000eab00000, 0x00000000ec680000, 0x0000000100000000)
  eden space 22016K, 78% used [0x00000000eab00000,0x00000000ebbf7638,0x00000000ec080000)
  from space 1024K, 100% used [0x00000000ec580000,0x00000000ec680000,0x00000000ec680000)
  to   space 2048K, 0% used [0x00000000ec280000,0x00000000ec280000,0x00000000ec480000)
 ParOldGen       total 68608K, used 14816K [0x00000000c0000000, 0x00000000c4300000, 0x00000000eab00000)
  object space 68608K, 21% used [0x00000000c0000000,0x00000000c0e782d8,0x00000000c4300000)
 Metaspace       used 44877K, committed 45568K, reserved 1089536K
  class space    used 4825K, committed 5120K, reserved 1048576K
GC Heap History (20 events):
Event: 4.061 GC heap before
{Heap before GC invocations=5 (full 1):
 PSYoungGen      total 29696K, used 4093K [0x00000000eab00000, 0x00000000ecc00000, 0x0000000100000000)
  eden space 25600K, 0% used [0x00000000eab00000,0x00000000eab00000,0x00000000ec400000)
  from space 4096K, 99% used [0x00000000ec800000,0x00000000ecbff7e8,0x00000000ecc00000)
  to   space 4096K, 0% used [0x00000000ec400000,0x00000000ec400000,0x00000000ec800000)
 ParOldGen       total 68608K, used 6753K [0x00000000c0000000, 0x00000000c4300000, 0x00000000eab00000)
  object space 68608K, 9% used [0x00000000c0000000,0x00000000c06984f8,0x00000000c4300000)
 Metaspace       used 21138K, committed 21504K, reserved 1073152K
  class space    used 2144K, committed 2304K, reserved 1048576K
}
Event: 4.080 GC heap after
{Heap after GC invocations=5 (full 1):
 PSYoungGen      total 29696K, used 0K [0x00000000eab00000, 0x00000000ecc00000, 0x0000000100000000)
  eden space 25600K, 0% used [0x00000000eab00000,0x00000000eab00000,0x00000000ec400000)
  from space 4096K, 0% used [0x00000000ec800000,0x00000000ec800000,0x00000000ecc00000)
  to   space 4096K, 0% used [0x00000000ec400000,0x00000000ec400000,0x00000000ec800000)
 ParOldGen       total 68608K, used 10621K [0x00000000c0000000, 0x00000000c4300000, 0x00000000eab00000)
  object space 68608K, 15% used [0x00000000c0000000,0x00000000c0a5f780,0x00000000c4300000)
 Metaspace       used 21125K, committed 21504K, reserved 1073152K
  class space    used 2141K, committed 2304K, reserved 1048576K
}
Event: 5.642 GC heap before
{Heap before GC invocations=6 (full 1):
 PSYoungGen      total 29696K, used 25461K [0x00000000eab00000, 0x00000000ecc00000, 0x0000000100000000)
  eden space 25600K, 99% used [0x00000000eab00000,0x00000000ec3dd5e8,0x00000000ec400000)
  from space 4096K, 0% used [0x00000000ec800000,0x00000000ec800000,0x00000000ecc00000)
  to   space 4096K, 0% used [0x00000000ec400000,0x00000000ec400000,0x00000000ec800000)
 ParOldGen       total 68608K, used 10621K [0x00000000c0000000, 0x00000000c4300000, 0x00000000eab00000)
  object space 68608K, 15% used [0x00000000c0000000,0x00000000c0a5f780,0x00000000c4300000)
 Metaspace       used 23802K, committed 24320K, reserved 1073152K
  class space    used 2414K, committed 2624K, reserved 1048576K
}
Event: 5.643 GC heap after
{Heap after GC invocations=6 (full 1):
 PSYoungGen      total 29184K, used 3457K [0x00000000eab00000, 0x00000000ecc80000, 0x0000000100000000)
  eden space 25088K, 0% used [0x00000000eab00000,0x00000000eab00000,0x00000000ec380000)
  from space 4096K, 84% used [0x00000000ec400000,0x00000000ec760508,0x00000000ec800000)
  to   space 4608K, 0% used [0x00000000ec800000,0x00000000ec800000,0x00000000ecc80000)
 ParOldGen       total 68608K, used 10629K [0x00000000c0000000, 0x00000000c4300000, 0x00000000eab00000)
  object space 68608K, 15% used [0x00000000c0000000,0x00000000c0a61780,0x00000000c4300000)
 Metaspace       used 23802K, committed 24320K, reserved 1073152K
  class space    used 2414K, committed 2624K, reserved 1048576K
}
Event: 5.814 GC heap before
{Heap before GC invocations=7 (full 1):
 PSYoungGen      total 29184K, used 28545K [0x00000000eab00000, 0x00000000ecc80000, 0x0000000100000000)
  eden space 25088K, 100% used [0x00000000eab00000,0x00000000ec380000,0x00000000ec380000)
  from space 4096K, 84% used [0x00000000ec400000,0x00000000ec760508,0x00000000ec800000)
  to   space 4608K, 0% used [0x00000000ec800000,0x00000000ec800000,0x00000000ecc80000)
 ParOldGen       total 68608K, used 10629K [0x00000000c0000000, 0x00000000c4300000, 0x00000000eab00000)
  object space 68608K, 15% used [0x00000000c0000000,0x00000000c0a61780,0x00000000c4300000)
 Metaspace       used 28022K, committed 28480K, reserved 1081344K
  class space    used 2709K, committed 2880K, reserved 1048576K
}
Event: 5.815 GC heap after
{Heap after GC invocations=7 (full 1):
 PSYoungGen      total 26624K, used 1591K [0x00000000eab00000, 0x00000000eca00000, 0x0000000100000000)
  eden space 24576K, 0% used [0x00000000eab00000,0x00000000eab00000,0x00000000ec300000)
  from space 2048K, 77% used [0x00000000ec800000,0x00000000ec98dec0,0x00000000eca00000)
  to   space 2560K, 0% used [0x00000000ec500000,0x00000000ec500000,0x00000000ec780000)
 ParOldGen       total 68608K, used 10637K [0x00000000c0000000, 0x00000000c4300000, 0x00000000eab00000)
  object space 68608K, 15% used [0x00000000c0000000,0x00000000c0a63780,0x00000000c4300000)
 Metaspace       used 28022K, committed 28480K, reserved 1081344K
  class space    used 2709K, committed 2880K, reserved 1048576K
}
Event: 6.126 GC heap before
{Heap before GC invocations=8 (full 1):
 PSYoungGen      total 26624K, used 26167K [0x00000000eab00000, 0x00000000eca00000, 0x0000000100000000)
  eden space 24576K, 100% used [0x00000000eab00000,0x00000000ec300000,0x00000000ec300000)
  from space 2048K, 77% used [0x00000000ec800000,0x00000000ec98dec0,0x00000000eca00000)
  to   space 2560K, 0% used [0x00000000ec500000,0x00000000ec500000,0x00000000ec780000)
 ParOldGen       total 68608K, used 10637K [0x00000000c0000000, 0x00000000c4300000, 0x00000000eab00000)
  object space 68608K, 15% used [0x00000000c0000000,0x00000000c0a63780,0x00000000c4300000)
 Metaspace       used 31198K, committed 31680K, reserved 1081344K
  class space    used 3066K, committed 3328K, reserved 1048576K
}
Event: 6.128 GC heap after
{Heap after GC invocations=8 (full 1):
 PSYoungGen      total 26624K, used 2550K [0x00000000eab00000, 0x00000000ec880000, 0x0000000100000000)
  eden space 24064K, 0% used [0x00000000eab00000,0x00000000eab00000,0x00000000ec280000)
  from space 2560K, 99% used [0x00000000ec500000,0x00000000ec77db70,0x00000000ec780000)
  to   space 1024K, 0% used [0x00000000ec780000,0x00000000ec780000,0x00000000ec880000)
 ParOldGen       total 68608K, used 10701K [0x00000000c0000000, 0x00000000c4300000, 0x00000000eab00000)
  object space 68608K, 15% used [0x00000000c0000000,0x00000000c0a73780,0x00000000c4300000)
 Metaspace       used 31198K, committed 31680K, reserved 1081344K
  class space    used 3066K, committed 3328K, reserved 1048576K
}
Event: 6.481 GC heap before
{Heap before GC invocations=9 (full 1):
 PSYoungGen      total 26624K, used 26614K [0x00000000eab00000, 0x00000000ec880000, 0x0000000100000000)
  eden space 24064K, 100% used [0x00000000eab00000,0x00000000ec280000,0x00000000ec280000)
  from space 2560K, 99% used [0x00000000ec500000,0x00000000ec77db70,0x00000000ec780000)
  to   space 1024K, 0% used [0x00000000ec780000,0x00000000ec780000,0x00000000ec880000)
 ParOldGen       total 68608K, used 10701K [0x00000000c0000000, 0x00000000c4300000, 0x00000000eab00000)
  object space 68608K, 15% used [0x00000000c0000000,0x00000000c0a73780,0x00000000c4300000)
 Metaspace       used 34870K, committed 35520K, reserved 1081344K
  class space    used 3533K, committed 3840K, reserved 1048576K
}
Event: 6.483 GC heap after
{Heap after GC invocations=9 (full 1):
 PSYoungGen      total 24576K, used 1011K [0x00000000eab00000, 0x00000000eca00000, 0x0000000100000000)
  eden space 23552K, 0% used [0x00000000eab00000,0x00000000eab00000,0x00000000ec200000)
  from space 1024K, 98% used [0x00000000ec780000,0x00000000ec87cc80,0x00000000ec880000)
  to   space 4096K, 0% used [0x00000000ec200000,0x00000000ec200000,0x00000000ec600000)
 ParOldGen       total 68608K, used 13506K [0x00000000c0000000, 0x00000000c4300000, 0x00000000eab00000)
  object space 68608K, 19% used [0x00000000c0000000,0x00000000c0d30998,0x00000000c4300000)
 Metaspace       used 34870K, committed 35520K, reserved 1081344K
  class space    used 3533K, committed 3840K, reserved 1048576K
}
Event: 6.567 GC heap before
{Heap before GC invocations=10 (full 1):
 PSYoungGen      total 24576K, used 5226K [0x00000000eab00000, 0x00000000eca00000, 0x0000000100000000)
  eden space 23552K, 17% used [0x00000000eab00000,0x00000000eaf1dcb0,0x00000000ec200000)
  from space 1024K, 98% used [0x00000000ec780000,0x00000000ec87cc80,0x00000000ec880000)
  to   space 4096K, 0% used [0x00000000ec200000,0x00000000ec200000,0x00000000ec600000)
 ParOldGen       total 68608K, used 13506K [0x00000000c0000000, 0x00000000c4300000, 0x00000000eab00000)
  object space 68608K, 19% used [0x00000000c0000000,0x00000000c0d30998,0x00000000c4300000)
 Metaspace       used 35263K, committed 35840K, reserved 1089536K
  class space    used 3574K, committed 3840K, reserved 1048576K
}
Event: 6.568 GC heap after
{Heap after GC invocations=10 (full 1):
 PSYoungGen      total 27648K, used 653K [0x00000000eab00000, 0x00000000ec800000, 0x0000000100000000)
  eden space 23552K, 0% used [0x00000000eab00000,0x00000000eab00000,0x00000000ec200000)
  from space 4096K, 15% used [0x00000000ec200000,0x00000000ec2a37a0,0x00000000ec600000)
  to   space 2048K, 0% used [0x00000000ec600000,0x00000000ec600000,0x00000000ec800000)
 ParOldGen       total 68608K, used 14149K [0x00000000c0000000, 0x00000000c4300000, 0x00000000eab00000)
  object space 68608K, 20% used [0x00000000c0000000,0x00000000c0dd1740,0x00000000c4300000)
 Metaspace       used 35263K, committed 35840K, reserved 1089536K
  class space    used 3574K, committed 3840K, reserved 1048576K
}
Event: 6.568 GC heap before
{Heap before GC invocations=11 (full 2):
 PSYoungGen      total 27648K, used 653K [0x00000000eab00000, 0x00000000ec800000, 0x0000000100000000)
  eden space 23552K, 0% used [0x00000000eab00000,0x00000000eab00000,0x00000000ec200000)
  from space 4096K, 15% used [0x00000000ec200000,0x00000000ec2a37a0,0x00000000ec600000)
  to   space 2048K, 0% used [0x00000000ec600000,0x00000000ec600000,0x00000000ec800000)
 ParOldGen       total 68608K, used 14149K [0x00000000c0000000, 0x00000000c4300000, 0x00000000eab00000)
  object space 68608K, 20% used [0x00000000c0000000,0x00000000c0dd1740,0x00000000c4300000)
 Metaspace       used 35263K, committed 35840K, reserved 1089536K
  class space    used 3574K, committed 3840K, reserved 1048576K
}
Event: 6.592 GC heap after
{Heap after GC invocations=11 (full 2):
 PSYoungGen      total 27648K, used 0K [0x00000000eab00000, 0x00000000ec800000, 0x0000000100000000)
  eden space 23552K, 0% used [0x00000000eab00000,0x00000000eab00000,0x00000000ec200000)
  from space 4096K, 0% used [0x00000000ec200000,0x00000000ec200000,0x00000000ec600000)
  to   space 2048K, 0% used [0x00000000ec600000,0x00000000ec600000,0x00000000ec800000)
 ParOldGen       total 68608K, used 12978K [0x00000000c0000000, 0x00000000c4300000, 0x00000000eab00000)
  object space 68608K, 18% used [0x00000000c0000000,0x00000000c0cac938,0x00000000c4300000)
 Metaspace       used 35263K, committed 35840K, reserved 1089536K
  class space    used 3574K, committed 3840K, reserved 1048576K
}
Event: 6.988 GC heap before
{Heap before GC invocations=12 (full 2):
 PSYoungGen      total 27648K, used 23552K [0x00000000eab00000, 0x00000000ec800000, 0x0000000100000000)
  eden space 23552K, 100% used [0x00000000eab00000,0x00000000ec200000,0x00000000ec200000)
  from space 4096K, 0% used [0x00000000ec200000,0x00000000ec200000,0x00000000ec600000)
  to   space 2048K, 0% used [0x00000000ec600000,0x00000000ec600000,0x00000000ec800000)
 ParOldGen       total 68608K, used 12978K [0x00000000c0000000, 0x00000000c4300000, 0x00000000eab00000)
  object space 68608K, 18% used [0x00000000c0000000,0x00000000c0cac938,0x00000000c4300000)
 Metaspace       used 38003K, committed 38720K, reserved 1089536K
  class space    used 3950K, committed 4288K, reserved 1048576K
}
Event: 6.991 GC heap after
{Heap after GC invocations=12 (full 2):
 PSYoungGen      total 24576K, used 1365K [0x00000000eab00000, 0x00000000ec780000, 0x0000000100000000)
  eden space 23040K, 0% used [0x00000000eab00000,0x00000000eab00000,0x00000000ec180000)
  from space 1536K, 88% used [0x00000000ec600000,0x00000000ec7554a0,0x00000000ec780000)
  to   space 1536K, 0% used [0x00000000ec480000,0x00000000ec480000,0x00000000ec600000)
 ParOldGen       total 68608K, used 12986K [0x00000000c0000000, 0x00000000c4300000, 0x00000000eab00000)
  object space 68608K, 18% used [0x00000000c0000000,0x00000000c0cae938,0x00000000c4300000)
 Metaspace       used 38003K, committed 38720K, reserved 1089536K
  class space    used 3950K, committed 4288K, reserved 1048576K
}
Event: 7.236 GC heap before
{Heap before GC invocations=13 (full 2):
 PSYoungGen      total 24576K, used 24405K [0x00000000eab00000, 0x00000000ec780000, 0x0000000100000000)
  eden space 23040K, 100% used [0x00000000eab00000,0x00000000ec180000,0x00000000ec180000)
  from space 1536K, 88% used [0x00000000ec600000,0x00000000ec7554a0,0x00000000ec780000)
  to   space 1536K, 0% used [0x00000000ec480000,0x00000000ec480000,0x00000000ec600000)
 ParOldGen       total 68608K, used 12986K [0x00000000c0000000, 0x00000000c4300000, 0x00000000eab00000)
  object space 68608K, 18% used [0x00000000c0000000,0x00000000c0cae938,0x00000000c4300000)
 Metaspace       used 39763K, committed 40448K, reserved 1089536K
  class space    used 4192K, committed 4544K, reserved 1048576K
}
Event: 7.237 GC heap after
{Heap after GC invocations=13 (full 2):
 PSYoungGen      total 23552K, used 768K [0x00000000eab00000, 0x00000000ec680000, 0x0000000100000000)
  eden space 22528K, 0% used [0x00000000eab00000,0x00000000eab00000,0x00000000ec100000)
  from space 1024K, 75% used [0x00000000ec480000,0x00000000ec540000,0x00000000ec580000)
  to   space 1024K, 0% used [0x00000000ec580000,0x00000000ec580000,0x00000000ec680000)
 ParOldGen       total 68608K, used 14069K [0x00000000c0000000, 0x00000000c4300000, 0x00000000eab00000)
  object space 68608K, 20% used [0x00000000c0000000,0x00000000c0dbd508,0x00000000c4300000)
 Metaspace       used 39763K, committed 40448K, reserved 1089536K
  class space    used 4192K, committed 4544K, reserved 1048576K
}
Event: 7.603 GC heap before
{Heap before GC invocations=14 (full 2):
 PSYoungGen      total 23552K, used 23296K [0x00000000eab00000, 0x00000000ec680000, 0x0000000100000000)
  eden space 22528K, 100% used [0x00000000eab00000,0x00000000ec100000,0x00000000ec100000)
  from space 1024K, 75% used [0x00000000ec480000,0x00000000ec540000,0x00000000ec580000)
  to   space 1024K, 0% used [0x00000000ec580000,0x00000000ec580000,0x00000000ec680000)
 ParOldGen       total 68608K, used 14069K [0x00000000c0000000, 0x00000000c4300000, 0x00000000eab00000)
  object space 68608K, 20% used [0x00000000c0000000,0x00000000c0dbd508,0x00000000c4300000)
 Metaspace       used 42605K, committed 43328K, reserved 1089536K
  class space    used 4582K, committed 4928K, reserved 1048576K
}
Event: 7.604 GC heap after
{Heap after GC invocations=14 (full 2):
 PSYoungGen      total 23040K, used 1024K [0x00000000eab00000, 0x00000000ec680000, 0x0000000100000000)
  eden space 22016K, 0% used [0x00000000eab00000,0x00000000eab00000,0x00000000ec080000)
  from space 1024K, 100% used [0x00000000ec580000,0x00000000ec680000,0x00000000ec680000)
  to   space 2048K, 0% used [0x00000000ec280000,0x00000000ec280000,0x00000000ec480000)
 ParOldGen       total 68608K, used 14816K [0x00000000c0000000, 0x00000000c4300000, 0x00000000eab00000)
  object space 68608K, 21% used [0x00000000c0000000,0x00000000c0e782d8,0x00000000c4300000)
 Metaspace       used 42605K, committed 43328K, reserved 1089536K
  class space    used 4582K, committed 4928K, reserved 1048576K
}

