# JRE version: OpenJDK Runtime Environment Temurin-17.0.4.1+1 (17.0.4.1+1) (build 17.0.4.1+1)
# Java VM: OpenJDK 64-Bit Server VM Temurin-17.0.4.1+1 (17.0.4.1+1, mixed mode, tiered, compressed oops, compressed class ptrs, parallel gc, windows-amd64)
GC Precious Log:
 CPUs: 12 total, 12 available
 Memory: 16163M
 Large Page Support: Disabled
 NUMA Support: Disabled
 Compressed Oops: Enabled (32-bit)
 Alignments: Space 512K, Generation 512K, Heap 2M
 Heap Min Capacity: 100M
 Heap Initial Capacity: 100M
 Heap Max Capacity: 1G
 Pre-touch: Disabled
 Parallel Workers: 10
Heap:
 PSYoungGen      total 16896K, used 1338K [0x00000000eab00000, 0x00000000ebc80000, 0x0000000100000000)
  eden space 15872K, 3% used [0x00000000eab00000,0x00000000eab8e3a8,0x00000000eba80000)
  from space 1024K, 75% used [0x00000000ebb80000,0x00000000ebc404d8,0x00000000ebc80000)
  to   space 1024K, 0% used [0x00000000eba80000,0x00000000eba80000,0x00000000ebb80000)
 ParOldGen       total 68608K, used 47783K [0x00000000c0000000, 0x00000000c4300000, 0x00000000eab00000)
  object space 68608K, 69% used [0x00000000c0000000,0x00000000c2ea9d60,0x00000000c4300000)
 Metaspace       used 50621K, committed 51392K, reserved 1097728K
  class space    used 4995K, committed 5376K, reserved 1048576K
GC Heap History (20 events):
Event: 20.828 GC heap before
{Heap before GC invocations=65 (full 2):
 PSYoungGen      total 16384K, used 15041K [0x00000000eab00000, 0x00000000ebc00000, 0x0000000100000000)
  eden space 15872K, 92% used [0x00000000eab00000,0x00000000eb960728,0x00000000eba80000)
  from space 512K, 62% used [0x00000000ebb80000,0x00000000ebbd0000,0x00000000ebc00000)
  to   space 512K, 0% used [0x00000000ebb00000,0x00000000ebb00000,0x00000000ebb80000)
 ParOldGen       total 68608K, used 44171K [0x00000000c0000000, 0x00000000c4300000, 0x00000000eab00000)
  object space 68608K, 64% used [0x00000000c0000000,0x00000000c2b22d50,0x00000000c4300000)
 Metaspace       used 50260K, committed 50944K, reserved 1097728K
  class space    used 4988K, committed 5376K, reserved 1048576K
}
Event: 20.831 GC heap after
{Heap after GC invocations=65 (full 2):
 PSYoungGen      total 16384K, used 256K [0x00000000eab00000, 0x00000000ebc00000, 0x0000000100000000)
  eden space 15872K, 0% used [0x00000000eab00000,0x00000000eab00000,0x00000000eba80000)
  from space 512K, 50% used [0x00000000ebb00000,0x00000000ebb40000,0x00000000ebb80000)
  to   space 512K, 0% used [0x00000000ebb80000,0x00000000ebb80000,0x00000000ebc00000)
 ParOldGen       total 68608K, used 44200K [0x00000000c0000000, 0x00000000c4300000, 0x00000000eab00000)
  object space 68608K, 64% used [0x00000000c0000000,0x00000000c2b2a3d0,0x00000000c4300000)
 Metaspace       used 50260K, committed 50944K, reserved 1097728K
  class space    used 4988K, committed 5376K, reserved 1048576K
}
Event: 20.884 GC heap before
{Heap before GC invocations=66 (full 2):
 PSYoungGen      total 16384K, used 15470K [0x00000000eab00000, 0x00000000ebc00000, 0x0000000100000000)
  eden space 15872K, 95% used [0x00000000eab00000,0x00000000eb9dba78,0x00000000eba80000)
  from space 512K, 50% used [0x00000000ebb00000,0x00000000ebb40000,0x00000000ebb80000)
  to   space 512K, 0% used [0x00000000ebb80000,0x00000000ebb80000,0x00000000ebc00000)
 ParOldGen       total 68608K, used 44200K [0x00000000c0000000, 0x00000000c4300000, 0x00000000eab00000)
  object space 68608K, 64% used [0x00000000c0000000,0x00000000c2b2a3d0,0x00000000c4300000)
 Metaspace       used 50277K, committed 51008K, reserved 1097728K
  class space    used 4988K, committed 5376K, reserved 1048576K
}
Event: 20.884 GC heap after
{Heap after GC invocations=66 (full 2):
 PSYoungGen      total 16384K, used 320K [0x00000000eab00000, 0x00000000ebc00000, 0x0000000100000000)
  eden space 15872K, 0% used [0x00000000eab00000,0x00000000eab00000,0x00000000eba80000)
  from space 512K, 62% used [0x00000000ebb80000,0x00000000ebbd0000,0x00000000ebc00000)
  to   space 512K, 0% used [0x00000000ebb00000,0x00000000ebb00000,0x00000000ebb80000)
 ParOldGen       total 68608K, used 44232K [0x00000000c0000000, 0x00000000c4300000, 0x00000000eab00000)
  object space 68608K, 64% used [0x00000000c0000000,0x00000000c2b323d0,0x00000000c4300000)
 Metaspace       used 50277K, committed 51008K, reserved 1097728K
  class space    used 4988K, committed 5376K, reserved 1048576K
}
Event: 20.917 GC heap before
{Heap before GC invocations=67 (full 2):
 PSYoungGen      total 16384K, used 14955K [0x00000000eab00000, 0x00000000ebc00000, 0x0000000100000000)
  eden space 15872K, 92% used [0x00000000eab00000,0x00000000eb94ad20,0x00000000eba80000)
  from space 512K, 62% used [0x00000000ebb80000,0x00000000ebbd0000,0x00000000ebc00000)
  to   space 512K, 0% used [0x00000000ebb00000,0x00000000ebb00000,0x00000000ebb80000)
 ParOldGen       total 68608K, used 44232K [0x00000000c0000000, 0x00000000c4300000, 0x00000000eab00000)
  object space 68608K, 64% used [0x00000000c0000000,0x00000000c2b323d0,0x00000000c4300000)
 Metaspace       used 50281K, committed 51008K, reserved 1097728K
  class space    used 4988K, committed 5376K, reserved 1048576K
}
Event: 20.920 GC heap after
{Heap after GC invocations=67 (full 2):
 PSYoungGen      total 16384K, used 352K [0x00000000eab00000, 0x00000000ebc00000, 0x0000000100000000)
  eden space 15872K, 0% used [0x00000000eab00000,0x00000000eab00000,0x00000000eba80000)
  from space 512K, 68% used [0x00000000ebb00000,0x00000000ebb58000,0x00000000ebb80000)
  to   space 512K, 0% used [0x00000000ebb80000,0x00000000ebb80000,0x00000000ebc00000)
 ParOldGen       total 68608K, used 44264K [0x00000000c0000000, 0x00000000c4300000, 0x00000000eab00000)
  object space 68608K, 64% used [0x00000000c0000000,0x00000000c2b3a3d0,0x00000000c4300000)
 Metaspace       used 50281K, committed 51008K, reserved 1097728K
  class space    used 4988K, committed 5376K, reserved 1048576K
}
Event: 23.161 GC heap before
{Heap before GC invocations=68 (full 2):
 PSYoungGen      total 16384K, used 14673K [0x00000000eab00000, 0x00000000ebc00000, 0x0000000100000000)
  eden space 15872K, 90% used [0x00000000eab00000,0x00000000eb8fc420,0x00000000eba80000)
  from space 512K, 68% used [0x00000000ebb00000,0x00000000ebb58000,0x00000000ebb80000)
  to   space 512K, 0% used [0x00000000ebb80000,0x00000000ebb80000,0x00000000ebc00000)
 ParOldGen       total 68608K, used 44264K [0x00000000c0000000, 0x00000000c4300000, 0x00000000eab00000)
  object space 68608K, 64% used [0x00000000c0000000,0x00000000c2b3a3d0,0x00000000c4300000)
 Metaspace       used 50455K, committed 51200K, reserved 1097728K
  class space    used 4989K, committed 5376K, reserved 1048576K
}
Event: 23.162 GC heap after
{Heap after GC invocations=68 (full 2):
 PSYoungGen      total 16384K, used 512K [0x00000000eab00000, 0x00000000ebc80000, 0x0000000100000000)
  eden space 15872K, 0% used [0x00000000eab00000,0x00000000eab00000,0x00000000eba80000)
  from space 512K, 100% used [0x00000000ebb80000,0x00000000ebc00000,0x00000000ebc00000)
  to   space 1024K, 0% used [0x00000000eba80000,0x00000000eba80000,0x00000000ebb80000)
 ParOldGen       total 68608K, used 44609K [0x00000000c0000000, 0x00000000c4300000, 0x00000000eab00000)
  object space 68608K, 65% used [0x00000000c0000000,0x00000000c2b90560,0x00000000c4300000)
 Metaspace       used 50455K, committed 51200K, reserved 1097728K
  class space    used 4989K, committed 5376K, reserved 1048576K
}
Event: 23.207 GC heap before
{Heap before GC invocations=69 (full 2):
 PSYoungGen      total 16384K, used 15924K [0x00000000eab00000, 0x00000000ebc80000, 0x0000000100000000)
  eden space 15872K, 97% used [0x00000000eab00000,0x00000000eba0d0e0,0x00000000eba80000)
  from space 512K, 100% used [0x00000000ebb80000,0x00000000ebc00000,0x00000000ebc00000)
  to   space 1024K, 0% used [0x00000000eba80000,0x00000000eba80000,0x00000000ebb80000)
 ParOldGen       total 68608K, used 44609K [0x00000000c0000000, 0x00000000c4300000, 0x00000000eab00000)
  object space 68608K, 65% used [0x00000000c0000000,0x00000000c2b90560,0x00000000c4300000)
 Metaspace       used 50462K, committed 51200K, reserved 1097728K
  class space    used 4989K, committed 5376K, reserved 1048576K
}
Event: 23.208 GC heap after
{Heap after GC invocations=69 (full 2):
 PSYoungGen      total 16896K, used 704K [0x00000000eab00000, 0x00000000ebc80000, 0x0000000100000000)
  eden space 15872K, 0% used [0x00000000eab00000,0x00000000eab00000,0x00000000eba80000)
  from space 1024K, 68% used [0x00000000eba80000,0x00000000ebb30000,0x00000000ebb80000)
  to   space 1024K, 0% used [0x00000000ebb80000,0x00000000ebb80000,0x00000000ebc80000)
 ParOldGen       total 68608K, used 45168K [0x00000000c0000000, 0x00000000c4300000, 0x00000000eab00000)
  object space 68608K, 65% used [0x00000000c0000000,0x00000000c2c1c008,0x00000000c4300000)
 Metaspace       used 50462K, committed 51200K, reserved 1097728K
  class space    used 4989K, committed 5376K, reserved 1048576K
}
Event: 23.243 GC heap before
{Heap before GC invocations=70 (full 2):
 PSYoungGen      total 16896K, used 16576K [0x00000000eab00000, 0x00000000ebc80000, 0x0000000100000000)
  eden space 15872K, 100% used [0x00000000eab00000,0x00000000eba80000,0x00000000eba80000)
  from space 1024K, 68% used [0x00000000eba80000,0x00000000ebb30000,0x00000000ebb80000)
  to   space 1024K, 0% used [0x00000000ebb80000,0x00000000ebb80000,0x00000000ebc80000)
 ParOldGen       total 68608K, used 45168K [0x00000000c0000000, 0x00000000c4300000, 0x00000000eab00000)
  object space 68608K, 65% used [0x00000000c0000000,0x00000000c2c1c008,0x00000000c4300000)
 Metaspace       used 50463K, committed 51200K, reserved 1097728K
  class space    used 4989K, committed 5376K, reserved 1048576K
}
Event: 23.244 GC heap after
{Heap after GC invocations=70 (full 2):
 PSYoungGen      total 16896K, used 576K [0x00000000eab00000, 0x00000000ebc80000, 0x0000000100000000)
  eden space 15872K, 0% used [0x00000000eab00000,0x00000000eab00000,0x00000000eba80000)
  from space 1024K, 56% used [0x00000000ebb80000,0x00000000ebc10000,0x00000000ebc80000)
  to   space 1024K, 0% used [0x00000000eba80000,0x00000000eba80000,0x00000000ebb80000)
 ParOldGen       total 68608K, used 45564K [0x00000000c0000000, 0x00000000c4300000, 0x00000000eab00000)
  object space 68608K, 66% used [0x00000000c0000000,0x00000000c2c7f298,0x00000000c4300000)
 Metaspace       used 50463K, committed 51200K, reserved 1097728K
  class space    used 4989K, committed 5376K, reserved 1048576K
}
Event: 23.284 GC heap before
{Heap before GC invocations=71 (full 2):
 PSYoungGen      total 16896K, used 14742K [0x00000000eab00000, 0x00000000ebc80000, 0x0000000100000000)
  eden space 15872K, 89% used [0x00000000eab00000,0x00000000eb8d58c8,0x00000000eba80000)
  from space 1024K, 56% used [0x00000000ebb80000,0x00000000ebc10000,0x00000000ebc80000)
  to   space 1024K, 0% used [0x00000000eba80000,0x00000000eba80000,0x00000000ebb80000)
 ParOldGen       total 68608K, used 45564K [0x00000000c0000000, 0x00000000c4300000, 0x00000000eab00000)
  object space 68608K, 66% used [0x00000000c0000000,0x00000000c2c7f298,0x00000000c4300000)
 Metaspace       used 50464K, committed 51200K, reserved 1097728K
  class space    used 4989K, committed 5376K, reserved 1048576K
}
Event: 23.285 GC heap after
{Heap after GC invocations=71 (full 2):
 PSYoungGen      total 16896K, used 320K [0x00000000eab00000, 0x00000000ebc00000, 0x0000000100000000)
  eden space 15872K, 0% used [0x00000000eab00000,0x00000000eab00000,0x00000000eba80000)
  from space 1024K, 31% used [0x00000000eba80000,0x00000000ebad0000,0x00000000ebb80000)
  to   space 512K, 0% used [0x00000000ebb80000,0x00000000ebb80000,0x00000000ebc00000)
 ParOldGen       total 68608K, used 45580K [0x00000000c0000000, 0x00000000c4300000, 0x00000000eab00000)
  object space 68608K, 66% used [0x00000000c0000000,0x00000000c2c83298,0x00000000c4300000)
 Metaspace       used 50464K, committed 51200K, reserved 1097728K
  class space    used 4989K, committed 5376K, reserved 1048576K
}
Event: 23.332 GC heap before
{Heap before GC invocations=72 (full 2):
 PSYoungGen      total 16896K, used 15920K [0x00000000eab00000, 0x00000000ebc00000, 0x0000000100000000)
  eden space 15872K, 98% used [0x00000000eab00000,0x00000000eba3c320,0x00000000eba80000)
  from space 1024K, 31% used [0x00000000eba80000,0x00000000ebad0000,0x00000000ebb80000)
  to   space 512K, 0% used [0x00000000ebb80000,0x00000000ebb80000,0x00000000ebc00000)
 ParOldGen       total 68608K, used 45580K [0x00000000c0000000, 0x00000000c4300000, 0x00000000eab00000)
  object space 68608K, 66% used [0x00000000c0000000,0x00000000c2c83298,0x00000000c4300000)
 Metaspace       used 50475K, committed 51264K, reserved 1097728K
  class space    used 4989K, committed 5376K, reserved 1048576K
}
Event: 23.332 GC heap after
{Heap after GC invocations=72 (full 2):
 PSYoungGen      total 16384K, used 256K [0x00000000eab00000, 0x00000000ebc00000, 0x0000000100000000)
  eden space 15872K, 0% used [0x00000000eab00000,0x00000000eab00000,0x00000000eba80000)
  from space 512K, 50% used [0x00000000ebb80000,0x00000000ebbc0000,0x00000000ebc00000)
  to   space 512K, 0% used [0x00000000ebb00000,0x00000000ebb00000,0x00000000ebb80000)
 ParOldGen       total 68608K, used 45588K [0x00000000c0000000, 0x00000000c4300000, 0x00000000eab00000)
  object space 68608K, 66% used [0x00000000c0000000,0x00000000c2c85298,0x00000000c4300000)
 Metaspace       used 50475K, committed 51264K, reserved 1097728K
  class space    used 4989K, committed 5376K, reserved 1048576K
}
Event: 23.372 GC heap before
{Heap before GC invocations=73 (full 2):
 PSYoungGen      total 16384K, used 16128K [0x00000000eab00000, 0x00000000ebc00000, 0x0000000100000000)
  eden space 15872K, 100% used [0x00000000eab00000,0x00000000eba80000,0x00000000eba80000)
  from space 512K, 50% used [0x00000000ebb80000,0x00000000ebbc0000,0x00000000ebc00000)
  to   space 512K, 0% used [0x00000000ebb00000,0x00000000ebb00000,0x00000000ebb80000)
 ParOldGen       total 68608K, used 45588K [0x00000000c0000000, 0x00000000c4300000, 0x00000000eab00000)
  object space 68608K, 66% used [0x00000000c0000000,0x00000000c2c85298,0x00000000c4300000)
 Metaspace       used 50476K, committed 51264K, reserved 1097728K
  class space    used 4989K, committed 5376K, reserved 1048576K
}
Event: 23.372 GC heap after
{Heap after GC invocations=73 (full 2):
 PSYoungGen      total 16384K, used 512K [0x00000000eab00000, 0x00000000ebc80000, 0x0000000100000000)
  eden space 15872K, 0% used [0x00000000eab00000,0x00000000eab00000,0x00000000eba80000)
  from space 512K, 100% used [0x00000000ebb00000,0x00000000ebb80000,0x00000000ebb80000)
  to   space 1024K, 0% used [0x00000000ebb80000,0x00000000ebb80000,0x00000000ebc80000)
 ParOldGen       total 68608K, used 45620K [0x00000000c0000000, 0x00000000c4300000, 0x00000000eab00000)
  object space 68608K, 66% used [0x00000000c0000000,0x00000000c2c8d298,0x00000000c4300000)
 Metaspace       used 50476K, committed 51264K, reserved 1097728K
  class space    used 4989K, committed 5376K, reserved 1048576K
}
Event: 23.460 GC heap before
{Heap before GC invocations=74 (full 2):
 PSYoungGen      total 16384K, used 16377K [0x00000000eab00000, 0x00000000ebc80000, 0x0000000100000000)
  eden space 15872K, 99% used [0x00000000eab00000,0x00000000eba7e7a0,0x00000000eba80000)
  from space 512K, 100% used [0x00000000ebb00000,0x00000000ebb80000,0x00000000ebb80000)
  to   space 1024K, 0% used [0x00000000ebb80000,0x00000000ebb80000,0x00000000ebc80000)
 ParOldGen       total 68608K, used 45620K [0x00000000c0000000, 0x00000000c4300000, 0x00000000eab00000)
  object space 68608K, 66% used [0x00000000c0000000,0x00000000c2c8d298,0x00000000c4300000)
 Metaspace       used 50614K, committed 51392K, reserved 1097728K
  class space    used 4994K, committed 5376K, reserved 1048576K
}
Event: 23.462 GC heap after
{Heap after GC invocations=74 (full 2):
 PSYoungGen      total 16896K, used 769K [0x00000000eab00000, 0x00000000ebc80000, 0x0000000100000000)
  eden space 15872K, 0% used [0x00000000eab00000,0x00000000eab00000,0x00000000eba80000)
  from space 1024K, 75% used [0x00000000ebb80000,0x00000000ebc404d8,0x00000000ebc80000)
  to   space 1024K, 0% used [0x00000000eba80000,0x00000000eba80000,0x00000000ebb80000)
 ParOldGen       total 68608K, used 47783K [0x00000000c0000000, 0x00000000c4300000, 0x00000000eab00000)
  object space 68608K, 69% used [0x00000000c0000000,0x00000000c2ea9d60,0x00000000c4300000)
 Metaspace       used 50614K, committed 51392K, reserved 1097728K
  class space    used 4994K, committed 5376K, reserved 1048576K
}

